2022-03-09 11:02:36,619 DEBUG    root            Loaded Command Group: ['gcloud', 'components']
2022-03-09 11:02:36,625 DEBUG    root            Loaded Command Group: ['gcloud', 'components', 'update']
2022-03-09 11:02:36,627 DEBUG    root            Running [gcloud.components.update] with arguments: []
2022-03-09 11:02:36,637 INFO     ___FILE_ONLY___ Beginning update. This process may take several minutes.

2022-03-09 11:02:36,698 DEBUG    urllib3.connectionpool Starting new HTTPS connection (1): dl.google.com:443
2022-03-09 11:02:37,211 DEBUG    urllib3.connectionpool https://dl.google.com:443 "GET /dl/cloudsdk/channels/rapid/components-2.json HTTP/1.1" 200 180433
2022-03-09 11:02:37,419 INFO     ___FILE_ONLY___ 

2022-03-09 11:02:37,421 INFO     ___FILE_ONLY___ 
Your current Google Cloud CLI version is: 375.0.0

2022-03-09 11:02:37,421 INFO     ___FILE_ONLY___ You will be upgraded to version: 376.0.0

2022-03-09 11:02:37,421 INFO     ___FILE_ONLY___ 

2022-03-09 11:02:37,424 INFO     ___FILE_ONLY___ â”Œâ”€â”€â”€â”€â”€â”€â”€â”€â”€â”€â”€â”€â”€â”€â”€â”€â”€â”€â”€â”€â”€â”€â”€â”€â”€â”€â”€â”€â”€â”€â”€â”€â”€â”€â”€â”€â”€â”€â”€â”€â”€â”€â”€â”€â”€â”€â”€â”€â”€â”€â”€â”€â”€â”€â”€â”€â”€â”
2022-03-09 11:02:37,425 INFO     ___FILE_ONLY___ 

2022-03-09 11:02:37,425 INFO     ___FILE_ONLY___ â”‚            These components will be updated.            â”‚
2022-03-09 11:02:37,425 INFO     ___FILE_ONLY___ 

2022-03-09 11:02:37,425 INFO     ___FILE_ONLY___ â”œâ”€â”€â”€â”€â”€â”€â”€â”€â”€â”€â”€â”€â”€â”€â”€â”€â”€â”€â”€â”€â”€â”€â”€â”€â”€â”€â”€â”€â”€â”€â”€â”€â”€â”¬â”€â”€â”€â”€â”€â”€â”€â”€â”€â”€â”€â”€â”¬â”€â”€â”€â”€â”€â”€â”€â”€â”€â”€â”¤
2022-03-09 11:02:37,425 INFO     ___FILE_ONLY___ 

2022-03-09 11:02:37,425 INFO     ___FILE_ONLY___ â”‚               Name              â”‚  Version   â”‚   Size   â”‚
2022-03-09 11:02:37,425 INFO     ___FILE_ONLY___ 

2022-03-09 11:02:37,425 INFO     ___FILE_ONLY___ â”œâ”€â”€â”€â”€â”€â”€â”€â”€â”€â”€â”€â”€â”€â”€â”€â”€â”€â”€â”€â”€â”€â”€â”€â”€â”€â”€â”€â”€â”€â”€â”€â”€â”€â”¼â”€â”€â”€â”€â”€â”€â”€â”€â”€â”€â”€â”€â”¼â”€â”€â”€â”€â”€â”€â”€â”€â”€â”€â”¤
2022-03-09 11:02:37,426 INFO     ___FILE_ONLY___ 

2022-03-09 11:02:37,426 INFO     ___FILE_ONLY___ â”‚ 
2022-03-09 11:02:37,426 INFO     ___FILE_ONLY___ Google Cloud CLI Core Libraries
2022-03-09 11:02:37,426 INFO     ___FILE_ONLY___  
2022-03-09 11:02:37,426 INFO     ___FILE_ONLY___ â”‚ 
2022-03-09 11:02:37,426 INFO     ___FILE_ONLY___ 2022.03.04
2022-03-09 11:02:37,426 INFO     ___FILE_ONLY___  
2022-03-09 11:02:37,426 INFO     ___FILE_ONLY___ â”‚ 
2022-03-09 11:02:37,426 INFO     ___FILE_ONLY___ 22.4 MiB
2022-03-09 11:02:37,426 INFO     ___FILE_ONLY___  
2022-03-09 11:02:37,427 INFO     ___FILE_ONLY___ â”‚
2022-03-09 11:02:37,427 INFO     ___FILE_ONLY___ 

2022-03-09 11:02:37,427 INFO     ___FILE_ONLY___ â”‚ 
2022-03-09 11:02:37,427 INFO     ___FILE_ONLY___ gcloud Beta Commands           
2022-03-09 11:02:37,427 INFO     ___FILE_ONLY___  
2022-03-09 11:02:37,427 INFO     ___FILE_ONLY___ â”‚ 
2022-03-09 11:02:37,427 INFO     ___FILE_ONLY___ 2022.03.04
2022-03-09 11:02:37,427 INFO     ___FILE_ONLY___  
2022-03-09 11:02:37,427 INFO     ___FILE_ONLY___ â”‚ 
2022-03-09 11:02:37,427 INFO     ___FILE_ONLY___  < 1 MiB
2022-03-09 11:02:37,428 INFO     ___FILE_ONLY___  
2022-03-09 11:02:37,428 INFO     ___FILE_ONLY___ â”‚
2022-03-09 11:02:37,428 INFO     ___FILE_ONLY___ 

2022-03-09 11:02:37,428 INFO     ___FILE_ONLY___ â”‚ 
2022-03-09 11:02:37,428 INFO     ___FILE_ONLY___ gcloud cli dependencies        
2022-03-09 11:02:37,428 INFO     ___FILE_ONLY___  
2022-03-09 11:02:37,428 INFO     ___FILE_ONLY___ â”‚ 
2022-03-09 11:02:37,428 INFO     ___FILE_ONLY___ 2022.03.04
2022-03-09 11:02:37,428 INFO     ___FILE_ONLY___  
2022-03-09 11:02:37,428 INFO     ___FILE_ONLY___ â”‚ 
2022-03-09 11:02:37,428 INFO     ___FILE_ONLY___ 12.0 MiB
2022-03-09 11:02:37,428 INFO     ___FILE_ONLY___  
2022-03-09 11:02:37,429 INFO     ___FILE_ONLY___ â”‚
2022-03-09 11:02:37,429 INFO     ___FILE_ONLY___ 

2022-03-09 11:02:37,429 INFO     ___FILE_ONLY___ â””â”€â”€â”€â”€â”€â”€â”€â”€â”€â”€â”€â”€â”€â”€â”€â”€â”€â”€â”€â”€â”€â”€â”€â”€â”€â”€â”€â”€â”€â”€â”€â”€â”€â”´â”€â”€â”€â”€â”€â”€â”€â”€â”€â”€â”€â”€â”´â”€â”€â”€â”€â”€â”€â”€â”€â”€â”€â”˜
2022-03-09 11:02:37,429 INFO     ___FILE_ONLY___ 

2022-03-09 11:02:37,429 INFO     ___FILE_ONLY___ 

2022-03-09 11:02:37,432 DEBUG    urllib3.connectionpool Starting new HTTPS connection (1): dl.google.com:443
2022-03-09 11:02:37,887 DEBUG    urllib3.connectionpool https://dl.google.com:443 "GET /dl/cloudsdk/channels/rapid/RELEASE_NOTES HTTP/1.1" 200 771940
2022-03-09 11:02:38,195 INFO     ___FILE_ONLY___ The following release notes are new in this upgrade.
Please read carefully for information about new features, breaking changes,
and bugs fixed.  The latest full release notes can be viewed at:
  https://cloud.google.com/sdk/release_notes


2022-03-09 11:02:38,195 INFO     ___FILE_ONLY___ [m
2022-03-09 11:02:38,195 INFO     ___FILE_ONLY___ [1m376.0.0 (2022-03-08)[m

2022-03-09 11:02:38,196 INFO     ___FILE_ONLY___ [m
2022-03-09 11:02:38,196 INFO     ___FILE_ONLY___   
2022-03-09 11:02:38,196 INFO     ___FILE_ONLY___ [1mCertificate Authority Service[m

2022-03-09 11:02:38,196 INFO     ___FILE_ONLY___       â–ª
2022-03-09 11:02:38,196 INFO     ___FILE_ONLY___  
2022-03-09 11:02:38,196 INFO     ___FILE_ONLY___ Added
2022-03-09 11:02:38,197 INFO     ___FILE_ONLY___  
2022-03-09 11:02:38,197 INFO     ___FILE_ONLY___ [1m--skip-grace-period[m
2022-03-09 11:02:38,197 INFO     ___FILE_ONLY___  
2022-03-09 11:02:38,197 INFO     ___FILE_ONLY___ flag
2022-03-09 11:02:38,197 INFO     ___FILE_ONLY___  
2022-03-09 11:02:38,197 INFO     ___FILE_ONLY___ to
2022-03-09 11:02:38,197 INFO     ___FILE_ONLY___  
2022-03-09 11:02:38,197 INFO     ___FILE_ONLY___ [1mgcloud
2022-03-09 11:02:38,198 INFO     ___FILE_ONLY___  
2022-03-09 11:02:38,198 INFO     ___FILE_ONLY___ privateca
2022-03-09 11:02:38,198 INFO     ___FILE_ONLY___  
2022-03-09 11:02:38,198 INFO     ___FILE_ONLY___ roots
2022-03-09 11:02:38,198 INFO     ___FILE_ONLY___  
2022-03-09 11:02:38,198 INFO     ___FILE_ONLY___ delete[m
2022-03-09 11:02:38,198 INFO     ___FILE_ONLY___  
2022-03-09 11:02:38,198 INFO     ___FILE_ONLY___ and
2022-03-09 11:02:38,198 INFO     ___FILE_ONLY___ 

2022-03-09 11:02:38,198 INFO     ___FILE_ONLY___         
2022-03-09 11:02:38,198 INFO     ___FILE_ONLY___ [1mgcloud
2022-03-09 11:02:38,198 INFO     ___FILE_ONLY___  
2022-03-09 11:02:38,199 INFO     ___FILE_ONLY___ privateca
2022-03-09 11:02:38,199 INFO     ___FILE_ONLY___  
2022-03-09 11:02:38,199 INFO     ___FILE_ONLY___ subordinates
2022-03-09 11:02:38,199 INFO     ___FILE_ONLY___  
2022-03-09 11:02:38,199 INFO     ___FILE_ONLY___ delete[m
2022-03-09 11:02:38,199 INFO     ___FILE_ONLY___  
2022-03-09 11:02:38,199 INFO     ___FILE_ONLY___ to
2022-03-09 11:02:38,199 INFO     ___FILE_ONLY___  
2022-03-09 11:02:38,199 INFO     ___FILE_ONLY___ delete
2022-03-09 11:02:38,199 INFO     ___FILE_ONLY___  
2022-03-09 11:02:38,199 INFO     ___FILE_ONLY___ a
2022-03-09 11:02:38,199 INFO     ___FILE_ONLY___  
2022-03-09 11:02:38,200 INFO     ___FILE_ONLY___ certificate
2022-03-09 11:02:38,200 INFO     ___FILE_ONLY___  
2022-03-09 11:02:38,200 INFO     ___FILE_ONLY___ authority
2022-03-09 11:02:38,200 INFO     ___FILE_ONLY___ 

2022-03-09 11:02:38,200 INFO     ___FILE_ONLY___         
2022-03-09 11:02:38,200 INFO     ___FILE_ONLY___ without
2022-03-09 11:02:38,201 INFO     ___FILE_ONLY___  
2022-03-09 11:02:38,201 INFO     ___FILE_ONLY___ waiting
2022-03-09 11:02:38,201 INFO     ___FILE_ONLY___  
2022-03-09 11:02:38,201 INFO     ___FILE_ONLY___ for
2022-03-09 11:02:38,201 INFO     ___FILE_ONLY___  
2022-03-09 11:02:38,201 INFO     ___FILE_ONLY___ the
2022-03-09 11:02:38,201 INFO     ___FILE_ONLY___  
2022-03-09 11:02:38,201 INFO     ___FILE_ONLY___ 30-day
2022-03-09 11:02:38,201 INFO     ___FILE_ONLY___  
2022-03-09 11:02:38,201 INFO     ___FILE_ONLY___ grace
2022-03-09 11:02:38,202 INFO     ___FILE_ONLY___  
2022-03-09 11:02:38,202 INFO     ___FILE_ONLY___ period
2022-03-09 11:02:38,202 INFO     ___FILE_ONLY___  
2022-03-09 11:02:38,202 INFO     ___FILE_ONLY___ that
2022-03-09 11:02:38,202 INFO     ___FILE_ONLY___  
2022-03-09 11:02:38,202 INFO     ___FILE_ONLY___ allows
2022-03-09 11:02:38,202 INFO     ___FILE_ONLY___  
2022-03-09 11:02:38,202 INFO     ___FILE_ONLY___ undeletion.
2022-03-09 11:02:38,202 INFO     ___FILE_ONLY___ 

2022-03-09 11:02:38,202 INFO     ___FILE_ONLY___ 

2022-03-09 11:02:38,202 INFO     ___FILE_ONLY___ [m
2022-03-09 11:02:38,203 INFO     ___FILE_ONLY___   
2022-03-09 11:02:38,203 INFO     ___FILE_ONLY___ [1mCloud Build[m

2022-03-09 11:02:38,203 INFO     ___FILE_ONLY___       â–ª
2022-03-09 11:02:38,203 INFO     ___FILE_ONLY___  
2022-03-09 11:02:38,203 INFO     ___FILE_ONLY___ Modified
2022-03-09 11:02:38,203 INFO     ___FILE_ONLY___  
2022-03-09 11:02:38,204 INFO     ___FILE_ONLY___ [1mgcloud
2022-03-09 11:02:38,204 INFO     ___FILE_ONLY___  
2022-03-09 11:02:38,204 INFO     ___FILE_ONLY___ builds
2022-03-09 11:02:38,204 INFO     ___FILE_ONLY___  
2022-03-09 11:02:38,204 INFO     ___FILE_ONLY___ submit
2022-03-09 11:02:38,204 INFO     ___FILE_ONLY___  
2022-03-09 11:02:38,204 INFO     ___FILE_ONLY___ --pack[m
2022-03-09 11:02:38,204 INFO     ___FILE_ONLY___  
2022-03-09 11:02:38,204 INFO     ___FILE_ONLY___ to
2022-03-09 11:02:38,205 INFO     ___FILE_ONLY___  
2022-03-09 11:02:38,205 INFO     ___FILE_ONLY___ pass
2022-03-09 11:02:38,205 INFO     ___FILE_ONLY___  
2022-03-09 11:02:38,205 INFO     ___FILE_ONLY___ [1m--network=cloudbuild[m
2022-03-09 11:02:38,205 INFO     ___FILE_ONLY___  
2022-03-09 11:02:38,205 INFO     ___FILE_ONLY___ to
2022-03-09 11:02:38,205 INFO     ___FILE_ONLY___ 

2022-03-09 11:02:38,205 INFO     ___FILE_ONLY___         
2022-03-09 11:02:38,205 INFO     ___FILE_ONLY___ pack.
2022-03-09 11:02:38,205 INFO     ___FILE_ONLY___ 

2022-03-09 11:02:38,205 INFO     ___FILE_ONLY___ 

2022-03-09 11:02:38,206 INFO     ___FILE_ONLY___ [m
2022-03-09 11:02:38,206 INFO     ___FILE_ONLY___   
2022-03-09 11:02:38,206 INFO     ___FILE_ONLY___ [1mCloud Identity-Aware Proxy[m

2022-03-09 11:02:38,206 INFO     ___FILE_ONLY___       â–ª
2022-03-09 11:02:38,206 INFO     ___FILE_ONLY___  
2022-03-09 11:02:38,206 INFO     ___FILE_ONLY___ Add
2022-03-09 11:02:38,206 INFO     ___FILE_ONLY___  
2022-03-09 11:02:38,206 INFO     ___FILE_ONLY___ warning
2022-03-09 11:02:38,206 INFO     ___FILE_ONLY___  
2022-03-09 11:02:38,206 INFO     ___FILE_ONLY___ message
2022-03-09 11:02:38,207 INFO     ___FILE_ONLY___  
2022-03-09 11:02:38,207 INFO     ___FILE_ONLY___ to
2022-03-09 11:02:38,207 INFO     ___FILE_ONLY___  
2022-03-09 11:02:38,207 INFO     ___FILE_ONLY___ [1mgcloud
2022-03-09 11:02:38,207 INFO     ___FILE_ONLY___  
2022-03-09 11:02:38,207 INFO     ___FILE_ONLY___ compute
2022-03-09 11:02:38,207 INFO     ___FILE_ONLY___  
2022-03-09 11:02:38,207 INFO     ___FILE_ONLY___ start-iap-tunnel[m
2022-03-09 11:02:38,207 INFO     ___FILE_ONLY___  
2022-03-09 11:02:38,207 INFO     ___FILE_ONLY___ telling
2022-03-09 11:02:38,207 INFO     ___FILE_ONLY___  
2022-03-09 11:02:38,207 INFO     ___FILE_ONLY___ users
2022-03-09 11:02:38,207 INFO     ___FILE_ONLY___ 

2022-03-09 11:02:38,207 INFO     ___FILE_ONLY___         
2022-03-09 11:02:38,208 INFO     ___FILE_ONLY___ about
2022-03-09 11:02:38,208 INFO     ___FILE_ONLY___  
2022-03-09 11:02:38,208 INFO     ___FILE_ONLY___ installing
2022-03-09 11:02:38,208 INFO     ___FILE_ONLY___  
2022-03-09 11:02:38,208 INFO     ___FILE_ONLY___ NumPy.
2022-03-09 11:02:38,208 INFO     ___FILE_ONLY___ 

2022-03-09 11:02:38,208 INFO     ___FILE_ONLY___ 

2022-03-09 11:02:38,208 INFO     ___FILE_ONLY___ [m
2022-03-09 11:02:38,208 INFO     ___FILE_ONLY___   
2022-03-09 11:02:38,208 INFO     ___FILE_ONLY___ [1mCloud Run[m

2022-03-09 11:02:38,209 INFO     ___FILE_ONLY___       â–ª
2022-03-09 11:02:38,209 INFO     ___FILE_ONLY___  
2022-03-09 11:02:38,209 INFO     ___FILE_ONLY___ Added
2022-03-09 11:02:38,209 INFO     ___FILE_ONLY___  
2022-03-09 11:02:38,209 INFO     ___FILE_ONLY___ [1m--env-vars-file[m
2022-03-09 11:02:38,209 INFO     ___FILE_ONLY___  
2022-03-09 11:02:38,209 INFO     ___FILE_ONLY___ to
2022-03-09 11:02:38,209 INFO     ___FILE_ONLY___  
2022-03-09 11:02:38,209 INFO     ___FILE_ONLY___ [1mgcloud
2022-03-09 11:02:38,209 INFO     ___FILE_ONLY___  
2022-03-09 11:02:38,209 INFO     ___FILE_ONLY___ beta
2022-03-09 11:02:38,210 INFO     ___FILE_ONLY___  
2022-03-09 11:02:38,210 INFO     ___FILE_ONLY___ run
2022-03-09 11:02:38,210 INFO     ___FILE_ONLY___  
2022-03-09 11:02:38,210 INFO     ___FILE_ONLY___ deploy[m
2022-03-09 11:02:38,210 INFO     ___FILE_ONLY___  
2022-03-09 11:02:38,210 INFO     ___FILE_ONLY___ and
2022-03-09 11:02:38,210 INFO     ___FILE_ONLY___  
2022-03-09 11:02:38,210 INFO     ___FILE_ONLY___ [1mgcloud
2022-03-09 11:02:38,210 INFO     ___FILE_ONLY___  
2022-03-09 11:02:38,210 INFO     ___FILE_ONLY___ run
2022-03-09 11:02:38,210 INFO     ___FILE_ONLY___  
2022-03-09 11:02:38,210 INFO     ___FILE_ONLY___ deploy[m
2022-03-09 11:02:38,211 INFO     ___FILE_ONLY___ 

2022-03-09 11:02:38,211 INFO     ___FILE_ONLY___         
2022-03-09 11:02:38,211 INFO     ___FILE_ONLY___ to
2022-03-09 11:02:38,211 INFO     ___FILE_ONLY___  
2022-03-09 11:02:38,211 INFO     ___FILE_ONLY___ specify
2022-03-09 11:02:38,211 INFO     ___FILE_ONLY___  
2022-03-09 11:02:38,211 INFO     ___FILE_ONLY___ environment
2022-03-09 11:02:38,211 INFO     ___FILE_ONLY___  
2022-03-09 11:02:38,211 INFO     ___FILE_ONLY___ variables
2022-03-09 11:02:38,211 INFO     ___FILE_ONLY___  
2022-03-09 11:02:38,211 INFO     ___FILE_ONLY___ for
2022-03-09 11:02:38,211 INFO     ___FILE_ONLY___  
2022-03-09 11:02:38,211 INFO     ___FILE_ONLY___ Cloud
2022-03-09 11:02:38,212 INFO     ___FILE_ONLY___  
2022-03-09 11:02:38,212 INFO     ___FILE_ONLY___ Run
2022-03-09 11:02:38,212 INFO     ___FILE_ONLY___  
2022-03-09 11:02:38,212 INFO     ___FILE_ONLY___ deployments.
2022-03-09 11:02:38,212 INFO     ___FILE_ONLY___ 

2022-03-09 11:02:38,212 INFO     ___FILE_ONLY___       â–ª
2022-03-09 11:02:38,212 INFO     ___FILE_ONLY___  
2022-03-09 11:02:38,212 INFO     ___FILE_ONLY___ Added
2022-03-09 11:02:38,212 INFO     ___FILE_ONLY___  
2022-03-09 11:02:38,213 INFO     ___FILE_ONLY___ [1m--env-vars-file[m
2022-03-09 11:02:38,213 INFO     ___FILE_ONLY___  
2022-03-09 11:02:38,213 INFO     ___FILE_ONLY___ to
2022-03-09 11:02:38,213 INFO     ___FILE_ONLY___  
2022-03-09 11:02:38,213 INFO     ___FILE_ONLY___ [1mgcloud
2022-03-09 11:02:38,213 INFO     ___FILE_ONLY___  
2022-03-09 11:02:38,213 INFO     ___FILE_ONLY___ beta
2022-03-09 11:02:38,213 INFO     ___FILE_ONLY___  
2022-03-09 11:02:38,213 INFO     ___FILE_ONLY___ run
2022-03-09 11:02:38,213 INFO     ___FILE_ONLY___  
2022-03-09 11:02:38,213 INFO     ___FILE_ONLY___ services
2022-03-09 11:02:38,213 INFO     ___FILE_ONLY___  
2022-03-09 11:02:38,214 INFO     ___FILE_ONLY___ update[m
2022-03-09 11:02:38,214 INFO     ___FILE_ONLY___  
2022-03-09 11:02:38,214 INFO     ___FILE_ONLY___ and
2022-03-09 11:02:38,214 INFO     ___FILE_ONLY___  
2022-03-09 11:02:38,214 INFO     ___FILE_ONLY___ [1mgcloud
2022-03-09 11:02:38,214 INFO     ___FILE_ONLY___ 

2022-03-09 11:02:38,214 INFO     ___FILE_ONLY___         
2022-03-09 11:02:38,214 INFO     ___FILE_ONLY___ run
2022-03-09 11:02:38,214 INFO     ___FILE_ONLY___  
2022-03-09 11:02:38,214 INFO     ___FILE_ONLY___ services
2022-03-09 11:02:38,214 INFO     ___FILE_ONLY___  
2022-03-09 11:02:38,215 INFO     ___FILE_ONLY___ update[m
2022-03-09 11:02:38,215 INFO     ___FILE_ONLY___  
2022-03-09 11:02:38,215 INFO     ___FILE_ONLY___ to
2022-03-09 11:02:38,215 INFO     ___FILE_ONLY___  
2022-03-09 11:02:38,215 INFO     ___FILE_ONLY___ update
2022-03-09 11:02:38,215 INFO     ___FILE_ONLY___  
2022-03-09 11:02:38,215 INFO     ___FILE_ONLY___ environment
2022-03-09 11:02:38,215 INFO     ___FILE_ONLY___  
2022-03-09 11:02:38,215 INFO     ___FILE_ONLY___ variables
2022-03-09 11:02:38,215 INFO     ___FILE_ONLY___  
2022-03-09 11:02:38,215 INFO     ___FILE_ONLY___ for
2022-03-09 11:02:38,215 INFO     ___FILE_ONLY___  
2022-03-09 11:02:38,215 INFO     ___FILE_ONLY___ Cloud
2022-03-09 11:02:38,215 INFO     ___FILE_ONLY___  
2022-03-09 11:02:38,216 INFO     ___FILE_ONLY___ Run
2022-03-09 11:02:38,216 INFO     ___FILE_ONLY___ 

2022-03-09 11:02:38,216 INFO     ___FILE_ONLY___         
2022-03-09 11:02:38,216 INFO     ___FILE_ONLY___ deployments.
2022-03-09 11:02:38,216 INFO     ___FILE_ONLY___ 

2022-03-09 11:02:38,216 INFO     ___FILE_ONLY___ 

2022-03-09 11:02:38,216 INFO     ___FILE_ONLY___ [m
2022-03-09 11:02:38,216 INFO     ___FILE_ONLY___   
2022-03-09 11:02:38,216 INFO     ___FILE_ONLY___ [1mCompute Engine[m

2022-03-09 11:02:38,216 INFO     ___FILE_ONLY___       â–ª
2022-03-09 11:02:38,216 INFO     ___FILE_ONLY___  
2022-03-09 11:02:38,216 INFO     ___FILE_ONLY___ Added
2022-03-09 11:02:38,216 INFO     ___FILE_ONLY___  
2022-03-09 11:02:38,217 INFO     ___FILE_ONLY___ [1m--split-source-commitment[m
2022-03-09 11:02:38,217 INFO     ___FILE_ONLY___  
2022-03-09 11:02:38,217 INFO     ___FILE_ONLY___ flag
2022-03-09 11:02:38,217 INFO     ___FILE_ONLY___  
2022-03-09 11:02:38,217 INFO     ___FILE_ONLY___ to
2022-03-09 11:02:38,217 INFO     ___FILE_ONLY___  
2022-03-09 11:02:38,217 INFO     ___FILE_ONLY___ [1mgcloud
2022-03-09 11:02:38,217 INFO     ___FILE_ONLY___  
2022-03-09 11:02:38,217 INFO     ___FILE_ONLY___ compute
2022-03-09 11:02:38,217 INFO     ___FILE_ONLY___  
2022-03-09 11:02:38,217 INFO     ___FILE_ONLY___ commitments
2022-03-09 11:02:38,217 INFO     ___FILE_ONLY___ 

2022-03-09 11:02:38,217 INFO     ___FILE_ONLY___         
2022-03-09 11:02:38,217 INFO     ___FILE_ONLY___ create[m
2022-03-09 11:02:38,218 INFO     ___FILE_ONLY___  
2022-03-09 11:02:38,218 INFO     ___FILE_ONLY___ for
2022-03-09 11:02:38,218 INFO     ___FILE_ONLY___  
2022-03-09 11:02:38,218 INFO     ___FILE_ONLY___ alpha.
2022-03-09 11:02:38,218 INFO     ___FILE_ONLY___ 

2022-03-09 11:02:38,218 INFO     ___FILE_ONLY___ 

2022-03-09 11:02:38,218 INFO     ___FILE_ONLY___ [m
2022-03-09 11:02:38,218 INFO     ___FILE_ONLY___   
2022-03-09 11:02:38,218 INFO     ___FILE_ONLY___ [1mDatabase Migration[m

2022-03-09 11:02:38,218 INFO     ___FILE_ONLY___       â–ª
2022-03-09 11:02:38,218 INFO     ___FILE_ONLY___  
2022-03-09 11:02:38,218 INFO     ___FILE_ONLY___ Some
2022-03-09 11:02:38,219 INFO     ___FILE_ONLY___  
2022-03-09 11:02:38,219 INFO     ___FILE_ONLY___ changes
2022-03-09 11:02:38,219 INFO     ___FILE_ONLY___  
2022-03-09 11:02:38,219 INFO     ___FILE_ONLY___ in
2022-03-09 11:02:38,219 INFO     ___FILE_ONLY___  
2022-03-09 11:02:38,219 INFO     ___FILE_ONLY___ [1mgcloud
2022-03-09 11:02:38,219 INFO     ___FILE_ONLY___  
2022-03-09 11:02:38,219 INFO     ___FILE_ONLY___ connection
2022-03-09 11:02:38,219 INFO     ___FILE_ONLY___  
2022-03-09 11:02:38,219 INFO     ___FILE_ONLY___ profile
2022-03-09 11:02:38,219 INFO     ___FILE_ONLY___  
2022-03-09 11:02:38,219 INFO     ___FILE_ONLY___ create
2022-03-09 11:02:38,219 INFO     ___FILE_ONLY___  
2022-03-09 11:02:38,220 INFO     ___FILE_ONLY___ cloudsql[m:
2022-03-09 11:02:38,220 INFO     ___FILE_ONLY___ 

2022-03-09 11:02:38,220 INFO     ___FILE_ONLY___         â—†
2022-03-09 11:02:38,220 INFO     ___FILE_ONLY___  
2022-03-09 11:02:38,220 INFO     ___FILE_ONLY___ Fixed
2022-03-09 11:02:38,220 INFO     ___FILE_ONLY___  
2022-03-09 11:02:38,220 INFO     ___FILE_ONLY___ boolean
2022-03-09 11:02:38,220 INFO     ___FILE_ONLY___  
2022-03-09 11:02:38,220 INFO     ___FILE_ONLY___ flags
2022-03-09 11:02:38,220 INFO     ___FILE_ONLY___  
2022-03-09 11:02:38,220 INFO     ___FILE_ONLY___ to
2022-03-09 11:02:38,220 INFO     ___FILE_ONLY___  
2022-03-09 11:02:38,220 INFO     ___FILE_ONLY___ support
2022-03-09 11:02:38,221 INFO     ___FILE_ONLY___  
2022-03-09 11:02:38,221 INFO     ___FILE_ONLY___ [1m--flag[m
2022-03-09 11:02:38,221 INFO     ___FILE_ONLY___  
2022-03-09 11:02:38,221 INFO     ___FILE_ONLY___ for
2022-03-09 11:02:38,221 INFO     ___FILE_ONLY___  
2022-03-09 11:02:38,221 INFO     ___FILE_ONLY___ setting
2022-03-09 11:02:38,221 INFO     ___FILE_ONLY___  
2022-03-09 11:02:38,221 INFO     ___FILE_ONLY___ it
2022-03-09 11:02:38,221 INFO     ___FILE_ONLY___  
2022-03-09 11:02:38,221 INFO     ___FILE_ONLY___ to
2022-03-09 11:02:38,221 INFO     ___FILE_ONLY___  
2022-03-09 11:02:38,221 INFO     ___FILE_ONLY___ true
2022-03-09 11:02:38,221 INFO     ___FILE_ONLY___  
2022-03-09 11:02:38,221 INFO     ___FILE_ONLY___ and
2022-03-09 11:02:38,221 INFO     ___FILE_ONLY___ 

2022-03-09 11:02:38,222 INFO     ___FILE_ONLY___           
2022-03-09 11:02:38,222 INFO     ___FILE_ONLY___ [1m--no-flag[m
2022-03-09 11:02:38,222 INFO     ___FILE_ONLY___  
2022-03-09 11:02:38,222 INFO     ___FILE_ONLY___ for
2022-03-09 11:02:38,222 INFO     ___FILE_ONLY___  
2022-03-09 11:02:38,222 INFO     ___FILE_ONLY___ false.
2022-03-09 11:02:38,222 INFO     ___FILE_ONLY___ 

2022-03-09 11:02:38,222 INFO     ___FILE_ONLY___ 

2022-03-09 11:02:38,222 INFO     ___FILE_ONLY___ [m
2022-03-09 11:02:38,222 INFO     ___FILE_ONLY___   
2022-03-09 11:02:38,222 INFO     ___FILE_ONLY___ [1mFirebase Test Lab[m

2022-03-09 11:02:38,222 INFO     ___FILE_ONLY___       â–ª
2022-03-09 11:02:38,222 INFO     ___FILE_ONLY___  
2022-03-09 11:02:38,223 INFO     ___FILE_ONLY___ Promoted
2022-03-09 11:02:38,223 INFO     ___FILE_ONLY___  
2022-03-09 11:02:38,223 INFO     ___FILE_ONLY___ [1m--app[m
2022-03-09 11:02:38,223 INFO     ___FILE_ONLY___  
2022-03-09 11:02:38,223 INFO     ___FILE_ONLY___ flag
2022-03-09 11:02:38,223 INFO     ___FILE_ONLY___  
2022-03-09 11:02:38,223 INFO     ___FILE_ONLY___ of
2022-03-09 11:02:38,223 INFO     ___FILE_ONLY___  
2022-03-09 11:02:38,223 INFO     ___FILE_ONLY___ [1mgcloud
2022-03-09 11:02:38,223 INFO     ___FILE_ONLY___  
2022-03-09 11:02:38,223 INFO     ___FILE_ONLY___ firebase
2022-03-09 11:02:38,223 INFO     ___FILE_ONLY___  
2022-03-09 11:02:38,223 INFO     ___FILE_ONLY___ test
2022-03-09 11:02:38,223 INFO     ___FILE_ONLY___  
2022-03-09 11:02:38,223 INFO     ___FILE_ONLY___ ios
2022-03-09 11:02:38,224 INFO     ___FILE_ONLY___  
2022-03-09 11:02:38,224 INFO     ___FILE_ONLY___ run[m
2022-03-09 11:02:38,224 INFO     ___FILE_ONLY___  
2022-03-09 11:02:38,224 INFO     ___FILE_ONLY___ to
2022-03-09 11:02:38,224 INFO     ___FILE_ONLY___  
2022-03-09 11:02:38,224 INFO     ___FILE_ONLY___ GA.
2022-03-09 11:02:38,224 INFO     ___FILE_ONLY___ 

2022-03-09 11:02:38,224 INFO     ___FILE_ONLY___ 

2022-03-09 11:02:38,224 INFO     ___FILE_ONLY___    
2022-03-09 11:02:38,224 INFO     ___FILE_ONLY___  
2022-03-09 11:02:38,224 INFO     ___FILE_ONLY___ Subscribe
2022-03-09 11:02:38,225 INFO     ___FILE_ONLY___  
2022-03-09 11:02:38,225 INFO     ___FILE_ONLY___ to
2022-03-09 11:02:38,225 INFO     ___FILE_ONLY___  
2022-03-09 11:02:38,225 INFO     ___FILE_ONLY___ these
2022-03-09 11:02:38,225 INFO     ___FILE_ONLY___  
2022-03-09 11:02:38,225 INFO     ___FILE_ONLY___ release
2022-03-09 11:02:38,225 INFO     ___FILE_ONLY___  
2022-03-09 11:02:38,225 INFO     ___FILE_ONLY___ notes
2022-03-09 11:02:38,225 INFO     ___FILE_ONLY___  
2022-03-09 11:02:38,225 INFO     ___FILE_ONLY___ at
2022-03-09 11:02:38,225 INFO     ___FILE_ONLY___ 

2022-03-09 11:02:38,226 INFO     ___FILE_ONLY___     
2022-03-09 11:02:38,226 INFO     ___FILE_ONLY___ https://groups.google.com/forum/#!forum/google-cloud-sdk-announce
2022-03-09 11:02:38,226 INFO     ___FILE_ONLY___ 

2022-03-09 11:02:38,226 INFO     ___FILE_ONLY___     
2022-03-09 11:02:38,226 INFO     ___FILE_ONLY___ (https://groups.google.com/forum/#!forum/google-cloud-sdk-announce).
2022-03-09 11:02:38,226 INFO     ___FILE_ONLY___ 

2022-03-09 11:02:38,226 INFO     ___FILE_ONLY___ [m
2022-03-09 11:02:38,226 INFO     ___FILE_ONLY___ 

2022-03-09 11:02:58,580 INFO     ___FILE_ONLY___ â•”â•â•â•â•â•â•â•â•â•â•â•â•â•â•â•â•â•â•â•â•â•â•â•â•â•â•â•â•â•â•â•â•â•â•â•â•â•â•â•â•â•â•â•â•â•â•â•â•â•â•â•â•â•â•â•â•â•â•â•â•â•—

2022-03-09 11:02:58,581 INFO     ___FILE_ONLY___ â• â• Creating update staging area                             â•â•£

2022-03-09 11:02:58,581 INFO     ___FILE_ONLY___ â•š
2022-03-09 11:02:58,581 INFO     ___FILE_ONLY___ â•â•â•â•â•â•
2022-03-09 11:03:07,890 INFO     ___FILE_ONLY___ â•â•â•â•â•â•
2022-03-09 11:03:07,891 INFO     ___FILE_ONLY___ â•â•â•â•â•â•
2022-03-09 11:03:09,309 INFO     ___FILE_ONLY___ â•
2022-03-09 11:03:09,675 INFO     ___FILE_ONLY___ â•
2022-03-09 11:03:10,412 INFO     ___FILE_ONLY___ â•
2022-03-09 11:03:11,001 INFO     ___FILE_ONLY___ â•
2022-03-09 11:03:11,654 INFO     ___FILE_ONLY___ â•
2022-03-09 11:03:12,021 INFO     ___FILE_ONLY___ â•
2022-03-09 11:03:12,524 INFO     ___FILE_ONLY___ â•
2022-03-09 11:03:12,924 INFO     ___FILE_ONLY___ â•
2022-03-09 11:03:13,338 INFO     ___FILE_ONLY___ â•
2022-03-09 11:03:14,053 INFO     ___FILE_ONLY___ â•
2022-03-09 11:03:14,432 INFO     ___FILE_ONLY___ â•
2022-03-09 11:03:14,778 INFO     ___FILE_ONLY___ â•
2022-03-09 11:03:15,040 INFO     ___FILE_ONLY___ â•
2022-03-09 11:03:15,366 INFO     ___FILE_ONLY___ â•
2022-03-09 11:03:15,748 INFO     ___FILE_ONLY___ â•
2022-03-09 11:03:16,104 INFO     ___FILE_ONLY___ â•
2022-03-09 11:03:16,507 INFO     ___FILE_ONLY___ â•
2022-03-09 11:03:16,906 INFO     ___FILE_ONLY___ â•
2022-03-09 11:03:17,283 INFO     ___FILE_ONLY___ â•
2022-03-09 11:03:17,639 INFO     ___FILE_ONLY___ â•
2022-03-09 11:03:17,938 INFO     ___FILE_ONLY___ â•
2022-03-09 11:03:18,317 INFO     ___FILE_ONLY___ â•
2022-03-09 11:03:18,794 INFO     ___FILE_ONLY___ â•
2022-03-09 11:03:19,277 INFO     ___FILE_ONLY___ â•
2022-03-09 11:03:19,735 INFO     ___FILE_ONLY___ â•
2022-03-09 11:03:20,323 INFO     ___FILE_ONLY___ â•
2022-03-09 11:03:21,192 INFO     ___FILE_ONLY___ â•
2022-03-09 11:03:22,020 INFO     ___FILE_ONLY___ â•
2022-03-09 11:03:22,975 INFO     ___FILE_ONLY___ â•
2022-03-09 11:03:23,927 INFO     ___FILE_ONLY___ â•
2022-03-09 11:03:24,728 INFO     ___FILE_ONLY___ â•
2022-03-09 11:03:25,561 INFO     ___FILE_ONLY___ â•
2022-03-09 11:03:26,631 INFO     ___FILE_ONLY___ â•
2022-03-09 11:03:27,898 INFO     ___FILE_ONLY___ â•
2022-03-09 11:03:30,188 INFO     ___FILE_ONLY___ â•
2022-03-09 11:03:30,679 INFO     ___FILE_ONLY___ â•
2022-03-09 11:03:31,075 INFO     ___FILE_ONLY___ â•
2022-03-09 11:03:31,433 INFO     ___FILE_ONLY___ â•
2022-03-09 11:03:31,752 INFO     ___FILE_ONLY___ â•
2022-03-09 11:03:32,099 INFO     ___FILE_ONLY___ â•
2022-03-09 11:03:32,902 INFO     ___FILE_ONLY___ â•
2022-03-09 11:03:34,954 INFO     ___FILE_ONLY___ â•
2022-03-09 11:03:34,956 INFO     ___FILE_ONLY___ â•
2022-03-09 11:03:34,969 INFO     ___FILE_ONLY___ â• â•â•â•â•â•â•â•â•â•â•â•â•â•â•â•â•â•â•â•â•â•â•â•â•â•â•â•â•â•â•â•â•â•â•â•â•â•â•â•â•â•â•â•â•â•â•â•â•â•â•â•â•â•â•â•â•â•â•â•â•â•£

2022-03-09 11:03:34,970 INFO     ___FILE_ONLY___ â• â• Uninstalling: Google Cloud CLI Core Libraries            â•â•£

2022-03-09 11:03:34,970 INFO     ___FILE_ONLY___ â•š
2022-03-09 11:03:35,135 INFO     ___FILE_ONLY___ â•
2022-03-09 11:03:35,317 INFO     ___FILE_ONLY___ â•
2022-03-09 11:03:35,458 INFO     ___FILE_ONLY___ â•
2022-03-09 11:03:35,606 INFO     ___FILE_ONLY___ â•
2022-03-09 11:03:35,760 INFO     ___FILE_ONLY___ â•
2022-03-09 11:03:35,898 INFO     ___FILE_ONLY___ â•
2022-03-09 11:03:36,017 INFO     ___FILE_ONLY___ â•
2022-03-09 11:03:36,128 INFO     ___FILE_ONLY___ â•
2022-03-09 11:03:36,248 INFO     ___FILE_ONLY___ â•
2022-03-09 11:03:36,407 INFO     ___FILE_ONLY___ â•
2022-03-09 11:03:36,513 INFO     ___FILE_ONLY___ â•
2022-03-09 11:03:36,628 INFO     ___FILE_ONLY___ â•
2022-03-09 11:03:36,813 INFO     ___FILE_ONLY___ â•
2022-03-09 11:03:36,958 INFO     ___FILE_ONLY___ â•
2022-03-09 11:03:37,116 INFO     ___FILE_ONLY___ â•
2022-03-09 11:03:37,334 INFO     ___FILE_ONLY___ â•
2022-03-09 11:03:37,558 INFO     ___FILE_ONLY___ â•
2022-03-09 11:03:37,755 INFO     ___FILE_ONLY___ â•
2022-03-09 11:03:37,927 INFO     ___FILE_ONLY___ â•
2022-03-09 11:03:38,079 INFO     ___FILE_ONLY___ â•
2022-03-09 11:03:38,392 INFO     ___FILE_ONLY___ â•
2022-03-09 11:03:38,822 INFO     ___FILE_ONLY___ â•
2022-03-09 11:03:39,167 INFO     ___FILE_ONLY___ â•
2022-03-09 11:03:39,592 INFO     ___FILE_ONLY___ â•
2022-03-09 11:03:39,889 INFO     ___FILE_ONLY___ â•
2022-03-09 11:03:40,329 INFO     ___FILE_ONLY___ â•
2022-03-09 11:03:40,726 INFO     ___FILE_ONLY___ â•
2022-03-09 11:03:41,047 INFO     ___FILE_ONLY___ â•
2022-03-09 11:03:41,251 INFO     ___FILE_ONLY___ â•
2022-03-09 11:03:41,425 INFO     ___FILE_ONLY___ â•
2022-03-09 11:03:41,590 INFO     ___FILE_ONLY___ â•
2022-03-09 11:03:41,713 INFO     ___FILE_ONLY___ â•
2022-03-09 11:03:41,853 INFO     ___FILE_ONLY___ â•
2022-03-09 11:03:41,983 INFO     ___FILE_ONLY___ â•
2022-03-09 11:03:42,115 INFO     ___FILE_ONLY___ â•
2022-03-09 11:03:42,249 INFO     ___FILE_ONLY___ â•
2022-03-09 11:03:42,371 INFO     ___FILE_ONLY___ â•
2022-03-09 11:03:42,483 INFO     ___FILE_ONLY___ â•
2022-03-09 11:03:42,618 INFO     ___FILE_ONLY___ â•
2022-03-09 11:03:42,733 INFO     ___FILE_ONLY___ â•
2022-03-09 11:03:42,845 INFO     ___FILE_ONLY___ â•
2022-03-09 11:03:42,956 INFO     ___FILE_ONLY___ â•
2022-03-09 11:03:43,063 INFO     ___FILE_ONLY___ â•
2022-03-09 11:03:43,168 INFO     ___FILE_ONLY___ â•
2022-03-09 11:03:43,274 INFO     ___FILE_ONLY___ â•
2022-03-09 11:03:43,372 INFO     ___FILE_ONLY___ â•
2022-03-09 11:03:43,473 INFO     ___FILE_ONLY___ â•
2022-03-09 11:03:43,573 INFO     ___FILE_ONLY___ â•
2022-03-09 11:03:43,677 INFO     ___FILE_ONLY___ â•
2022-03-09 11:03:43,800 INFO     ___FILE_ONLY___ â•
2022-03-09 11:03:43,954 INFO     ___FILE_ONLY___ â•
2022-03-09 11:03:44,050 INFO     ___FILE_ONLY___ â•
2022-03-09 11:03:44,181 INFO     ___FILE_ONLY___ â•
2022-03-09 11:03:44,283 INFO     ___FILE_ONLY___ â•
2022-03-09 11:03:44,392 INFO     ___FILE_ONLY___ â•
2022-03-09 11:03:44,562 INFO     ___FILE_ONLY___ â•
2022-03-09 11:03:44,696 INFO     ___FILE_ONLY___ â•
2022-03-09 11:03:44,817 INFO     ___FILE_ONLY___ â•
2022-03-09 11:03:44,938 INFO     ___FILE_ONLY___ â•
2022-03-09 11:03:45,032 INFO     ___FILE_ONLY___ â•
2022-03-09 11:03:45,032 INFO     ___FILE_ONLY___ â•
2022-03-09 11:03:45,496 INFO     ___FILE_ONLY___ â• â•â•â•â•â•â•â•â•â•â•â•â•â•â•â•â•â•â•â•â•â•â•â•â•â•â•â•â•â•â•â•â•â•â•â•â•â•â•â•â•â•â•â•â•â•â•â•â•â•â•â•â•â•â•â•â•â•â•â•â•â•£

2022-03-09 11:03:45,496 INFO     ___FILE_ONLY___ â• â• Uninstalling: gcloud Beta Commands                       â•â•£

2022-03-09 11:03:45,496 INFO     ___FILE_ONLY___ â•š
2022-03-09 11:03:45,497 INFO     ___FILE_ONLY___ â•â•â•â•â•â•â•â•â•â•â•â•â•â•â•â•â•â•â•â•â•â•â•â•â•â•â•â•â•â•â•â•â•â•â•â•â•â•â•â•â•â•â•â•â•â•â•â•â•â•â•â•â•â•â•â•â•â•â•â•
2022-03-09 11:03:45,497 INFO     ___FILE_ONLY___ â•
2022-03-09 11:03:45,499 INFO     ___FILE_ONLY___ â• â•â•â•â•â•â•â•â•â•â•â•â•â•â•â•â•â•â•â•â•â•â•â•â•â•â•â•â•â•â•â•â•â•â•â•â•â•â•â•â•â•â•â•â•â•â•â•â•â•â•â•â•â•â•â•â•â•â•â•â•â•£

2022-03-09 11:03:45,500 INFO     ___FILE_ONLY___ â• â• Uninstalling: gcloud cli dependencies                    â•â•£

2022-03-09 11:03:45,500 INFO     ___FILE_ONLY___ â•š
2022-03-09 11:03:45,537 INFO     ___FILE_ONLY___ â•
2022-03-09 11:03:45,576 INFO     ___FILE_ONLY___ â•
2022-03-09 11:03:45,615 INFO     ___FILE_ONLY___ â•
2022-03-09 11:03:45,653 INFO     ___FILE_ONLY___ â•
2022-03-09 11:03:45,687 INFO     ___FILE_ONLY___ â•
2022-03-09 11:03:45,725 INFO     ___FILE_ONLY___ â•
2022-03-09 11:03:45,760 INFO     ___FILE_ONLY___ â•
2022-03-09 11:03:45,791 INFO     ___FILE_ONLY___ â•
2022-03-09 11:03:45,830 INFO     ___FILE_ONLY___ â•
2022-03-09 11:03:45,865 INFO     ___FILE_ONLY___ â•
2022-03-09 11:03:45,900 INFO     ___FILE_ONLY___ â•
2022-03-09 11:03:45,937 INFO     ___FILE_ONLY___ â•
2022-03-09 11:03:45,973 INFO     ___FILE_ONLY___ â•
2022-03-09 11:03:46,007 INFO     ___FILE_ONLY___ â•
2022-03-09 11:03:46,049 INFO     ___FILE_ONLY___ â•
2022-03-09 11:03:46,086 INFO     ___FILE_ONLY___ â•
2022-03-09 11:03:46,122 INFO     ___FILE_ONLY___ â•
2022-03-09 11:03:46,163 INFO     ___FILE_ONLY___ â•
2022-03-09 11:03:46,195 INFO     ___FILE_ONLY___ â•
2022-03-09 11:03:46,244 INFO     ___FILE_ONLY___ â•
2022-03-09 11:03:46,294 INFO     ___FILE_ONLY___ â•
2022-03-09 11:03:46,374 INFO     ___FILE_ONLY___ â•
2022-03-09 11:03:46,427 INFO     ___FILE_ONLY___ â•
2022-03-09 11:03:46,498 INFO     ___FILE_ONLY___ â•
2022-03-09 11:03:46,577 INFO     ___FILE_ONLY___ â•
2022-03-09 11:03:46,629 INFO     ___FILE_ONLY___ â•
2022-03-09 11:03:46,680 INFO     ___FILE_ONLY___ â•
2022-03-09 11:03:46,721 INFO     ___FILE_ONLY___ â•
2022-03-09 11:03:46,773 INFO     ___FILE_ONLY___ â•
2022-03-09 11:03:46,803 INFO     ___FILE_ONLY___ â•
2022-03-09 11:03:46,849 INFO     ___FILE_ONLY___ â•
2022-03-09 11:03:46,897 INFO     ___FILE_ONLY___ â•
2022-03-09 11:03:46,951 INFO     ___FILE_ONLY___ â•
2022-03-09 11:03:47,003 INFO     ___FILE_ONLY___ â•
2022-03-09 11:03:47,046 INFO     ___FILE_ONLY___ â•
2022-03-09 11:03:47,107 INFO     ___FILE_ONLY___ â•
2022-03-09 11:03:47,157 INFO     ___FILE_ONLY___ â•
2022-03-09 11:03:47,208 INFO     ___FILE_ONLY___ â•
2022-03-09 11:03:47,274 INFO     ___FILE_ONLY___ â•
2022-03-09 11:03:47,326 INFO     ___FILE_ONLY___ â•
2022-03-09 11:03:47,381 INFO     ___FILE_ONLY___ â•
2022-03-09 11:03:47,437 INFO     ___FILE_ONLY___ â•
2022-03-09 11:03:47,520 INFO     ___FILE_ONLY___ â•
2022-03-09 11:03:47,580 INFO     ___FILE_ONLY___ â•
2022-03-09 11:03:47,654 INFO     ___FILE_ONLY___ â•
2022-03-09 11:03:47,723 INFO     ___FILE_ONLY___ â•
2022-03-09 11:03:47,771 INFO     ___FILE_ONLY___ â•
2022-03-09 11:03:47,817 INFO     ___FILE_ONLY___ â•
2022-03-09 11:03:47,846 INFO     ___FILE_ONLY___ â•
2022-03-09 11:03:47,885 INFO     ___FILE_ONLY___ â•
2022-03-09 11:03:47,921 INFO     ___FILE_ONLY___ â•
2022-03-09 11:03:47,956 INFO     ___FILE_ONLY___ â•
2022-03-09 11:03:48,005 INFO     ___FILE_ONLY___ â•
2022-03-09 11:03:48,048 INFO     ___FILE_ONLY___ â•
2022-03-09 11:03:48,091 INFO     ___FILE_ONLY___ â•
2022-03-09 11:03:48,131 INFO     ___FILE_ONLY___ â•
2022-03-09 11:03:48,175 INFO     ___FILE_ONLY___ â•
2022-03-09 11:03:48,221 INFO     ___FILE_ONLY___ â•
2022-03-09 11:03:48,265 INFO     ___FILE_ONLY___ â•
2022-03-09 11:03:48,306 INFO     ___FILE_ONLY___ â•
2022-03-09 11:03:48,306 INFO     ___FILE_ONLY___ â•
2022-03-09 11:03:48,530 INFO     ___FILE_ONLY___ â• â•â•â•â•â•â•â•â•â•â•â•â•â•â•â•â•â•â•â•â•â•â•â•â•â•â•â•â•â•â•â•â•â•â•â•â•â•â•â•â•â•â•â•â•â•â•â•â•â•â•â•â•â•â•â•â•â•â•â•â•â•£

2022-03-09 11:03:48,530 INFO     ___FILE_ONLY___ â• â• Installing: Google Cloud CLI Core Libraries              â•â•£

2022-03-09 11:03:48,530 INFO     ___FILE_ONLY___ â•š
2022-03-09 11:03:48,535 DEBUG    urllib3.connectionpool Starting new HTTPS connection (1): dl.google.com:443
2022-03-09 11:03:48,994 DEBUG    urllib3.connectionpool https://dl.google.com:443 "GET /dl/cloudsdk/channels/rapid/components/google-cloud-sdk-core-20220304175209.tar.gz HTTP/1.1" 200 23500784
2022-03-09 11:03:50,026 INFO     ___FILE_ONLY___ â•
2022-03-09 11:03:50,027 INFO     ___FILE_ONLY___ â•
2022-03-09 11:03:50,028 INFO     ___FILE_ONLY___ â•
2022-03-09 11:03:50,030 INFO     ___FILE_ONLY___ â•
2022-03-09 11:03:50,031 INFO     ___FILE_ONLY___ â•
2022-03-09 11:03:50,032 INFO     ___FILE_ONLY___ â•
2022-03-09 11:03:50,033 INFO     ___FILE_ONLY___ â•
2022-03-09 11:03:50,034 INFO     ___FILE_ONLY___ â•
2022-03-09 11:03:50,036 INFO     ___FILE_ONLY___ â•
2022-03-09 11:03:50,037 INFO     ___FILE_ONLY___ â•
2022-03-09 11:03:50,038 INFO     ___FILE_ONLY___ â•
2022-03-09 11:03:50,039 INFO     ___FILE_ONLY___ â•
2022-03-09 11:03:50,040 INFO     ___FILE_ONLY___ â•
2022-03-09 11:03:50,042 INFO     ___FILE_ONLY___ â•
2022-03-09 11:03:50,043 INFO     ___FILE_ONLY___ â•
2022-03-09 11:03:50,044 INFO     ___FILE_ONLY___ â•
2022-03-09 11:03:50,045 INFO     ___FILE_ONLY___ â•
2022-03-09 11:03:50,046 INFO     ___FILE_ONLY___ â•
2022-03-09 11:03:50,047 INFO     ___FILE_ONLY___ â•
2022-03-09 11:03:50,048 INFO     ___FILE_ONLY___ â•
2022-03-09 11:03:50,049 INFO     ___FILE_ONLY___ â•
2022-03-09 11:03:50,052 INFO     ___FILE_ONLY___ â•
2022-03-09 11:03:50,054 INFO     ___FILE_ONLY___ â•
2022-03-09 11:03:50,056 INFO     ___FILE_ONLY___ â•
2022-03-09 11:03:50,058 INFO     ___FILE_ONLY___ â•
2022-03-09 11:03:50,060 INFO     ___FILE_ONLY___ â•
2022-03-09 11:03:50,062 INFO     ___FILE_ONLY___ â•
2022-03-09 11:03:50,064 INFO     ___FILE_ONLY___ â•
2022-03-09 11:03:50,066 INFO     ___FILE_ONLY___ â•
2022-03-09 11:03:50,067 INFO     ___FILE_ONLY___ â•
2022-03-09 11:03:51,607 INFO     ___FILE_ONLY___ â•
2022-03-09 11:03:51,733 INFO     ___FILE_ONLY___ â•
2022-03-09 11:03:51,862 INFO     ___FILE_ONLY___ â•
2022-03-09 11:03:51,991 INFO     ___FILE_ONLY___ â•
2022-03-09 11:03:52,122 INFO     ___FILE_ONLY___ â•
2022-03-09 11:03:52,242 INFO     ___FILE_ONLY___ â•
2022-03-09 11:03:52,371 INFO     ___FILE_ONLY___ â•
2022-03-09 11:03:52,512 INFO     ___FILE_ONLY___ â•
2022-03-09 11:03:52,646 INFO     ___FILE_ONLY___ â•
2022-03-09 11:03:52,759 INFO     ___FILE_ONLY___ â•
2022-03-09 11:03:52,879 INFO     ___FILE_ONLY___ â•
2022-03-09 11:03:53,039 INFO     ___FILE_ONLY___ â•
2022-03-09 11:03:53,235 INFO     ___FILE_ONLY___ â•
2022-03-09 11:03:53,372 INFO     ___FILE_ONLY___ â•
2022-03-09 11:03:53,502 INFO     ___FILE_ONLY___ â•
2022-03-09 11:03:53,637 INFO     ___FILE_ONLY___ â•
2022-03-09 11:03:53,778 INFO     ___FILE_ONLY___ â•
2022-03-09 11:03:53,928 INFO     ___FILE_ONLY___ â•
2022-03-09 11:03:54,051 INFO     ___FILE_ONLY___ â•
2022-03-09 11:03:54,193 INFO     ___FILE_ONLY___ â•
2022-03-09 11:03:54,320 INFO     ___FILE_ONLY___ â•
2022-03-09 11:03:54,471 INFO     ___FILE_ONLY___ â•
2022-03-09 11:03:54,599 INFO     ___FILE_ONLY___ â•
2022-03-09 11:03:54,718 INFO     ___FILE_ONLY___ â•
2022-03-09 11:03:54,954 INFO     ___FILE_ONLY___ â•
2022-03-09 11:03:55,153 INFO     ___FILE_ONLY___ â•
2022-03-09 11:03:55,516 INFO     ___FILE_ONLY___ â•
2022-03-09 11:03:55,744 INFO     ___FILE_ONLY___ â•
2022-03-09 11:03:55,955 INFO     ___FILE_ONLY___ â•
2022-03-09 11:03:56,132 INFO     ___FILE_ONLY___ â•
2022-03-09 11:03:56,132 INFO     ___FILE_ONLY___ â•
2022-03-09 11:03:56,265 INFO     ___FILE_ONLY___ â• â•â•â•â•â•â•â•â•â•â•â•â•â•â•â•â•â•â•â•â•â•â•â•â•â•â•â•â•â•â•â•â•â•â•â•â•â•â•â•â•â•â•â•â•â•â•â•â•â•â•â•â•â•â•â•â•â•â•â•â•â•£

2022-03-09 11:03:56,266 INFO     ___FILE_ONLY___ â• â• Installing: gcloud Beta Commands                         â•â•£

2022-03-09 11:03:56,266 INFO     ___FILE_ONLY___ â•š
2022-03-09 11:03:56,269 DEBUG    urllib3.connectionpool Starting new HTTPS connection (1): dl.google.com:443
2022-03-09 11:03:56,836 DEBUG    urllib3.connectionpool https://dl.google.com:443 "GET /dl/cloudsdk/channels/rapid/components/google-cloud-sdk-beta-20220304175209.tar.gz HTTP/1.1" 200 746
2022-03-09 11:03:56,838 INFO     ___FILE_ONLY___ â•â•â•â•â•â•â•â•â•â•â•â•â•â•â•â•â•â•â•â•â•â•â•â•â•â•â•â•â•â•
2022-03-09 11:03:56,840 INFO     ___FILE_ONLY___ â•â•â•â•â•â•â•â•â•â•â•â•â•â•â•â•â•â•â•â•â•â•â•â•â•â•â•â•â•â•
2022-03-09 11:03:56,840 INFO     ___FILE_ONLY___ â•
2022-03-09 11:03:56,852 INFO     ___FILE_ONLY___ â• â•â•â•â•â•â•â•â•â•â•â•â•â•â•â•â•â•â•â•â•â•â•â•â•â•â•â•â•â•â•â•â•â•â•â•â•â•â•â•â•â•â•â•â•â•â•â•â•â•â•â•â•â•â•â•â•â•â•â•â•â•£

2022-03-09 11:03:56,852 INFO     ___FILE_ONLY___ â• â• Installing: gcloud cli dependencies                      â•â•£

2022-03-09 11:03:56,853 INFO     ___FILE_ONLY___ â•š
2022-03-09 11:03:56,859 DEBUG    urllib3.connectionpool Starting new HTTPS connection (1): dl.google.com:443
2022-03-09 11:03:57,332 DEBUG    urllib3.connectionpool https://dl.google.com:443 "GET /dl/cloudsdk/channels/rapid/components/google-cloud-sdk-gcloud-deps-20220304175209.tar.gz HTTP/1.1" 200 12604048
2022-03-09 11:03:57,876 INFO     ___FILE_ONLY___ â•
2022-03-09 11:03:57,877 INFO     ___FILE_ONLY___ â•
2022-03-09 11:03:57,878 INFO     ___FILE_ONLY___ â•
2022-03-09 11:03:57,878 INFO     ___FILE_ONLY___ â•
2022-03-09 11:03:57,879 INFO     ___FILE_ONLY___ â•
2022-03-09 11:03:57,879 INFO     ___FILE_ONLY___ â•
2022-03-09 11:03:57,880 INFO     ___FILE_ONLY___ â•
2022-03-09 11:03:57,881 INFO     ___FILE_ONLY___ â•
2022-03-09 11:03:57,881 INFO     ___FILE_ONLY___ â•
2022-03-09 11:03:57,882 INFO     ___FILE_ONLY___ â•
2022-03-09 11:03:57,883 INFO     ___FILE_ONLY___ â•
2022-03-09 11:03:57,883 INFO     ___FILE_ONLY___ â•
2022-03-09 11:03:57,884 INFO     ___FILE_ONLY___ â•
2022-03-09 11:03:57,885 INFO     ___FILE_ONLY___ â•
2022-03-09 11:03:57,885 INFO     ___FILE_ONLY___ â•
2022-03-09 11:03:57,886 INFO     ___FILE_ONLY___ â•
2022-03-09 11:03:57,887 INFO     ___FILE_ONLY___ â•
2022-03-09 11:03:57,887 INFO     ___FILE_ONLY___ â•
2022-03-09 11:03:57,888 INFO     ___FILE_ONLY___ â•
2022-03-09 11:03:57,889 INFO     ___FILE_ONLY___ â•
2022-03-09 11:03:57,890 INFO     ___FILE_ONLY___ â•
2022-03-09 11:03:57,890 INFO     ___FILE_ONLY___ â•
2022-03-09 11:03:57,891 INFO     ___FILE_ONLY___ â•
2022-03-09 11:03:57,892 INFO     ___FILE_ONLY___ â•
2022-03-09 11:03:57,892 INFO     ___FILE_ONLY___ â•
2022-03-09 11:03:57,893 INFO     ___FILE_ONLY___ â•
2022-03-09 11:03:57,893 INFO     ___FILE_ONLY___ â•
2022-03-09 11:03:57,894 INFO     ___FILE_ONLY___ â•
2022-03-09 11:03:57,895 INFO     ___FILE_ONLY___ â•
2022-03-09 11:03:57,895 INFO     ___FILE_ONLY___ â•
2022-03-09 11:03:58,504 INFO     ___FILE_ONLY___ â•
2022-03-09 11:03:58,613 INFO     ___FILE_ONLY___ â•
2022-03-09 11:03:58,732 INFO     ___FILE_ONLY___ â•
2022-03-09 11:03:58,838 INFO     ___FILE_ONLY___ â•
2022-03-09 11:03:58,945 INFO     ___FILE_ONLY___ â•
2022-03-09 11:03:59,045 INFO     ___FILE_ONLY___ â•
2022-03-09 11:03:59,116 INFO     ___FILE_ONLY___ â•
2022-03-09 11:03:59,181 INFO     ___FILE_ONLY___ â•
2022-03-09 11:03:59,238 INFO     ___FILE_ONLY___ â•
2022-03-09 11:03:59,293 INFO     ___FILE_ONLY___ â•
2022-03-09 11:03:59,375 INFO     ___FILE_ONLY___ â•
2022-03-09 11:03:59,447 INFO     ___FILE_ONLY___ â•
2022-03-09 11:03:59,506 INFO     ___FILE_ONLY___ â•
2022-03-09 11:03:59,569 INFO     ___FILE_ONLY___ â•
2022-03-09 11:03:59,623 INFO     ___FILE_ONLY___ â•
2022-03-09 11:03:59,681 INFO     ___FILE_ONLY___ â•
2022-03-09 11:03:59,739 INFO     ___FILE_ONLY___ â•
2022-03-09 11:03:59,797 INFO     ___FILE_ONLY___ â•
2022-03-09 11:03:59,872 INFO     ___FILE_ONLY___ â•
2022-03-09 11:03:59,938 INFO     ___FILE_ONLY___ â•
2022-03-09 11:03:59,999 INFO     ___FILE_ONLY___ â•
2022-03-09 11:04:00,064 INFO     ___FILE_ONLY___ â•
2022-03-09 11:04:00,120 INFO     ___FILE_ONLY___ â•
2022-03-09 11:04:00,184 INFO     ___FILE_ONLY___ â•
2022-03-09 11:04:00,242 INFO     ___FILE_ONLY___ â•
2022-03-09 11:04:00,293 INFO     ___FILE_ONLY___ â•
2022-03-09 11:04:00,359 INFO     ___FILE_ONLY___ â•
2022-03-09 11:04:00,426 INFO     ___FILE_ONLY___ â•
2022-03-09 11:04:00,494 INFO     ___FILE_ONLY___ â•
2022-03-09 11:04:00,563 INFO     ___FILE_ONLY___ â•
2022-03-09 11:04:00,563 INFO     ___FILE_ONLY___ â•
2022-03-09 11:04:00,638 INFO     ___FILE_ONLY___ â• â•â•â•â•â•â•â•â•â•â•â•â•â•â•â•â•â•â•â•â•â•â•â•â•â•â•â•â•â•â•â•â•â•â•â•â•â•â•â•â•â•â•â•â•â•â•â•â•â•â•â•â•â•â•â•â•â•â•â•â•â•£

2022-03-09 11:04:00,638 INFO     ___FILE_ONLY___ â• â• Creating backup and activating new installation          â•â•£

2022-03-09 11:04:00,638 INFO     ___FILE_ONLY___ â•š
2022-03-09 11:04:00,639 DEBUG    root            Attempting to move directory [/Users/jgipson/google-cloud-sdk] to [/Users/jgipson/google-cloud-sdk.staging/.install/.backup]
2022-03-09 11:04:00,639 INFO     ___FILE_ONLY___ â•â•â•â•â•â•â•â•â•â•â•â•â•â•â•â•â•â•â•â•â•â•â•â•â•â•â•â•â•â•
2022-03-09 11:04:00,639 DEBUG    root            Attempting to move directory [/Users/jgipson/google-cloud-sdk.staging] to [/Users/jgipson/google-cloud-sdk]
2022-03-09 11:04:00,639 INFO     ___FILE_ONLY___ â•â•â•â•â•â•â•â•â•â•â•â•â•â•â•â•â•â•â•â•â•â•â•â•â•â•â•â•â•â•
2022-03-09 11:04:00,639 INFO     ___FILE_ONLY___ â•

2022-03-09 11:04:00,648 DEBUG    root            Updating notification cache...
2022-03-09 11:04:00,649 INFO     ___FILE_ONLY___ 

2022-03-09 11:04:00,650 INFO     ___FILE_ONLY___ Performing post processing steps...
2022-03-09 11:04:00,650 DEBUG    root            Executing command: ['/usr/bin/python3', '-S', '/Users/jgipson/google-cloud-sdk/lib/gcloud.py', 'components', 'post-process']
2022-03-09 11:04:00,711 DEBUG    urllib3.connectionpool Starting new HTTP connection (1): www.gstatic.com:80
2022-03-09 11:04:00,857 DEBUG    urllib3.connectionpool http://www.gstatic.com:80 "GET /cloudsdk/feature_flag_config_file.yaml HTTP/1.1" 200 101
2022-03-09 11:04:31,416 DEBUG    ___FILE_ONLY___ 
2022-03-09 11:04:31,417 DEBUG    ___FILE_ONLY___ 
2022-03-09 11:04:31,572 INFO     ___FILE_ONLY___ 
Update done!


2022-03-09 11:04:31,573 INFO     ___FILE_ONLY___ To revert your CLI to the previously installed version, you may run:
  $ gcloud components update --version 375.0.0


2022-03-09 11:04:31,587 INFO     root            Display format: "none"
2022-03-09 11:04:31,620 DEBUG    root            Metrics reporting process started...
