2022-03-17 12:15:41,222 DEBUG    root            Loaded Command Group: ['gcloud', 'components']
2022-03-17 12:15:41,229 DEBUG    root            Loaded Command Group: ['gcloud', 'components', 'update']
2022-03-17 12:15:41,231 DEBUG    root            Running [gcloud.components.update] with arguments: []
2022-03-17 12:15:41,244 INFO     ___FILE_ONLY___ Beginning update. This process may take several minutes.

2022-03-17 12:15:41,259 DEBUG    urllib3.connectionpool Starting new HTTPS connection (1): dl.google.com:443
2022-03-17 12:15:41,415 DEBUG    urllib3.connectionpool https://dl.google.com:443 "GET /dl/cloudsdk/channels/rapid/components-2.json HTTP/1.1" 200 184500
2022-03-17 12:15:41,507 INFO     ___FILE_ONLY___ 

2022-03-17 12:15:41,509 INFO     ___FILE_ONLY___ 
Your current Google Cloud CLI version is: 376.0.0

2022-03-17 12:15:41,509 INFO     ___FILE_ONLY___ You will be upgraded to version: 377.0.0

2022-03-17 12:15:41,509 INFO     ___FILE_ONLY___ 

2022-03-17 12:15:41,512 INFO     ___FILE_ONLY___ â”Œâ”€â”€â”€â”€â”€â”€â”€â”€â”€â”€â”€â”€â”€â”€â”€â”€â”€â”€â”€â”€â”€â”€â”€â”€â”€â”€â”€â”€â”€â”€â”€â”€â”€â”€â”€â”€â”€â”€â”€â”€â”€â”€â”€â”€â”€â”€â”€â”€â”€â”€â”€â”€â”€â”€â”€â”€â”€â”
2022-03-17 12:15:41,512 INFO     ___FILE_ONLY___ 

2022-03-17 12:15:41,513 INFO     ___FILE_ONLY___ â”‚            These components will be updated.            â”‚
2022-03-17 12:15:41,513 INFO     ___FILE_ONLY___ 

2022-03-17 12:15:41,513 INFO     ___FILE_ONLY___ â”œâ”€â”€â”€â”€â”€â”€â”€â”€â”€â”€â”€â”€â”€â”€â”€â”€â”€â”€â”€â”€â”€â”€â”€â”€â”€â”€â”€â”€â”€â”€â”€â”€â”€â”¬â”€â”€â”€â”€â”€â”€â”€â”€â”€â”€â”€â”€â”¬â”€â”€â”€â”€â”€â”€â”€â”€â”€â”€â”¤
2022-03-17 12:15:41,513 INFO     ___FILE_ONLY___ 

2022-03-17 12:15:41,513 INFO     ___FILE_ONLY___ â”‚               Name              â”‚  Version   â”‚   Size   â”‚
2022-03-17 12:15:41,513 INFO     ___FILE_ONLY___ 

2022-03-17 12:15:41,513 INFO     ___FILE_ONLY___ â”œâ”€â”€â”€â”€â”€â”€â”€â”€â”€â”€â”€â”€â”€â”€â”€â”€â”€â”€â”€â”€â”€â”€â”€â”€â”€â”€â”€â”€â”€â”€â”€â”€â”€â”¼â”€â”€â”€â”€â”€â”€â”€â”€â”€â”€â”€â”€â”¼â”€â”€â”€â”€â”€â”€â”€â”€â”€â”€â”¤
2022-03-17 12:15:41,513 INFO     ___FILE_ONLY___ 

2022-03-17 12:15:41,514 INFO     ___FILE_ONLY___ â”‚ 
2022-03-17 12:15:41,514 INFO     ___FILE_ONLY___ Cloud Storage Command Line Tool
2022-03-17 12:15:41,514 INFO     ___FILE_ONLY___  
2022-03-17 12:15:41,514 INFO     ___FILE_ONLY___ â”‚ 
2022-03-17 12:15:41,514 INFO     ___FILE_ONLY___        5.8
2022-03-17 12:15:41,514 INFO     ___FILE_ONLY___  
2022-03-17 12:15:41,514 INFO     ___FILE_ONLY___ â”‚ 
2022-03-17 12:15:41,514 INFO     ___FILE_ONLY___ 19.1 MiB
2022-03-17 12:15:41,514 INFO     ___FILE_ONLY___  
2022-03-17 12:15:41,515 INFO     ___FILE_ONLY___ â”‚
2022-03-17 12:15:41,515 INFO     ___FILE_ONLY___ 

2022-03-17 12:15:41,515 INFO     ___FILE_ONLY___ â”‚ 
2022-03-17 12:15:41,515 INFO     ___FILE_ONLY___ Google Cloud CLI Core Libraries
2022-03-17 12:15:41,515 INFO     ___FILE_ONLY___  
2022-03-17 12:15:41,515 INFO     ___FILE_ONLY___ â”‚ 
2022-03-17 12:15:41,515 INFO     ___FILE_ONLY___ 2022.03.10
2022-03-17 12:15:41,515 INFO     ___FILE_ONLY___  
2022-03-17 12:15:41,515 INFO     ___FILE_ONLY___ â”‚ 
2022-03-17 12:15:41,515 INFO     ___FILE_ONLY___ 22.5 MiB
2022-03-17 12:15:41,515 INFO     ___FILE_ONLY___  
2022-03-17 12:15:41,515 INFO     ___FILE_ONLY___ â”‚
2022-03-17 12:15:41,515 INFO     ___FILE_ONLY___ 

2022-03-17 12:15:41,515 INFO     ___FILE_ONLY___ â”‚ 
2022-03-17 12:15:41,516 INFO     ___FILE_ONLY___ gcloud Beta Commands           
2022-03-17 12:15:41,516 INFO     ___FILE_ONLY___  
2022-03-17 12:15:41,516 INFO     ___FILE_ONLY___ â”‚ 
2022-03-17 12:15:41,516 INFO     ___FILE_ONLY___ 2022.03.10
2022-03-17 12:15:41,516 INFO     ___FILE_ONLY___  
2022-03-17 12:15:41,516 INFO     ___FILE_ONLY___ â”‚ 
2022-03-17 12:15:41,516 INFO     ___FILE_ONLY___  < 1 MiB
2022-03-17 12:15:41,516 INFO     ___FILE_ONLY___  
2022-03-17 12:15:41,516 INFO     ___FILE_ONLY___ â”‚
2022-03-17 12:15:41,516 INFO     ___FILE_ONLY___ 

2022-03-17 12:15:41,516 INFO     ___FILE_ONLY___ â”‚ 
2022-03-17 12:15:41,516 INFO     ___FILE_ONLY___ gcloud cli dependencies        
2022-03-17 12:15:41,516 INFO     ___FILE_ONLY___  
2022-03-17 12:15:41,516 INFO     ___FILE_ONLY___ â”‚ 
2022-03-17 12:15:41,517 INFO     ___FILE_ONLY___ 2022.03.10
2022-03-17 12:15:41,517 INFO     ___FILE_ONLY___  
2022-03-17 12:15:41,517 INFO     ___FILE_ONLY___ â”‚ 
2022-03-17 12:15:41,517 INFO     ___FILE_ONLY___ 12.0 MiB
2022-03-17 12:15:41,517 INFO     ___FILE_ONLY___  
2022-03-17 12:15:41,517 INFO     ___FILE_ONLY___ â”‚
2022-03-17 12:15:41,517 INFO     ___FILE_ONLY___ 

2022-03-17 12:15:41,517 INFO     ___FILE_ONLY___ â””â”€â”€â”€â”€â”€â”€â”€â”€â”€â”€â”€â”€â”€â”€â”€â”€â”€â”€â”€â”€â”€â”€â”€â”€â”€â”€â”€â”€â”€â”€â”€â”€â”€â”´â”€â”€â”€â”€â”€â”€â”€â”€â”€â”€â”€â”€â”´â”€â”€â”€â”€â”€â”€â”€â”€â”€â”€â”˜
2022-03-17 12:15:41,517 INFO     ___FILE_ONLY___ 

2022-03-17 12:15:41,518 INFO     ___FILE_ONLY___ 

2022-03-17 12:15:41,521 DEBUG    urllib3.connectionpool Starting new HTTPS connection (1): dl.google.com:443
2022-03-17 12:15:41,653 DEBUG    urllib3.connectionpool https://dl.google.com:443 "GET /dl/cloudsdk/channels/rapid/RELEASE_NOTES HTTP/1.1" 200 775325
2022-03-17 12:15:41,799 INFO     ___FILE_ONLY___ The following release notes are new in this upgrade.
Please read carefully for information about new features, breaking changes,
and bugs fixed.  The latest full release notes can be viewed at:
  https://cloud.google.com/sdk/release_notes


2022-03-17 12:15:41,800 INFO     ___FILE_ONLY___ [m
2022-03-17 12:15:41,800 INFO     ___FILE_ONLY___ [1m377.0.0 (2022-03-15)[m

2022-03-17 12:15:41,800 INFO     ___FILE_ONLY___ [m
2022-03-17 12:15:41,800 INFO     ___FILE_ONLY___   
2022-03-17 12:15:41,800 INFO     ___FILE_ONLY___ [1mGoogle Cloud CLI[m

2022-03-17 12:15:41,800 INFO     ___FILE_ONLY___       â–ª
2022-03-17 12:15:41,800 INFO     ___FILE_ONLY___  
2022-03-17 12:15:41,800 INFO     ___FILE_ONLY___ Promoted
2022-03-17 12:15:41,800 INFO     ___FILE_ONLY___  
2022-03-17 12:15:41,801 INFO     ___FILE_ONLY___ [1m--no-browser[m
2022-03-17 12:15:41,801 INFO     ___FILE_ONLY___  
2022-03-17 12:15:41,801 INFO     ___FILE_ONLY___ in
2022-03-17 12:15:41,801 INFO     ___FILE_ONLY___  
2022-03-17 12:15:41,801 INFO     ___FILE_ONLY___ [1mgcloud
2022-03-17 12:15:41,801 INFO     ___FILE_ONLY___  
2022-03-17 12:15:41,801 INFO     ___FILE_ONLY___ auth
2022-03-17 12:15:41,801 INFO     ___FILE_ONLY___  
2022-03-17 12:15:41,801 INFO     ___FILE_ONLY___ login[m
2022-03-17 12:15:41,801 INFO     ___FILE_ONLY___  
2022-03-17 12:15:41,801 INFO     ___FILE_ONLY___ and
2022-03-17 12:15:41,801 INFO     ___FILE_ONLY___  
2022-03-17 12:15:41,801 INFO     ___FILE_ONLY___ [1mgcloud
2022-03-17 12:15:41,801 INFO     ___FILE_ONLY___  
2022-03-17 12:15:41,801 INFO     ___FILE_ONLY___ auth
2022-03-17 12:15:41,802 INFO     ___FILE_ONLY___ 

2022-03-17 12:15:41,802 INFO     ___FILE_ONLY___         
2022-03-17 12:15:41,802 INFO     ___FILE_ONLY___ application-default
2022-03-17 12:15:41,802 INFO     ___FILE_ONLY___  
2022-03-17 12:15:41,802 INFO     ___FILE_ONLY___ login[m
2022-03-17 12:15:41,802 INFO     ___FILE_ONLY___  
2022-03-17 12:15:41,802 INFO     ___FILE_ONLY___ to
2022-03-17 12:15:41,802 INFO     ___FILE_ONLY___  
2022-03-17 12:15:41,802 INFO     ___FILE_ONLY___ be
2022-03-17 12:15:41,802 INFO     ___FILE_ONLY___  
2022-03-17 12:15:41,802 INFO     ___FILE_ONLY___ the
2022-03-17 12:15:41,802 INFO     ___FILE_ONLY___  
2022-03-17 12:15:41,802 INFO     ___FILE_ONLY___ default
2022-03-17 12:15:41,803 INFO     ___FILE_ONLY___  
2022-03-17 12:15:41,803 INFO     ___FILE_ONLY___ flow
2022-03-17 12:15:41,803 INFO     ___FILE_ONLY___  
2022-03-17 12:15:41,803 INFO     ___FILE_ONLY___ if
2022-03-17 12:15:41,803 INFO     ___FILE_ONLY___  
2022-03-17 12:15:41,803 INFO     ___FILE_ONLY___ gcloud
2022-03-17 12:15:41,803 INFO     ___FILE_ONLY___  
2022-03-17 12:15:41,803 INFO     ___FILE_ONLY___ cannot
2022-03-17 12:15:41,803 INFO     ___FILE_ONLY___ 

2022-03-17 12:15:41,803 INFO     ___FILE_ONLY___         
2022-03-17 12:15:41,803 INFO     ___FILE_ONLY___ launch
2022-03-17 12:15:41,803 INFO     ___FILE_ONLY___  
2022-03-17 12:15:41,803 INFO     ___FILE_ONLY___ a
2022-03-17 12:15:41,804 INFO     ___FILE_ONLY___  
2022-03-17 12:15:41,804 INFO     ___FILE_ONLY___ web
2022-03-17 12:15:41,804 INFO     ___FILE_ONLY___  
2022-03-17 12:15:41,804 INFO     ___FILE_ONLY___ browser.
2022-03-17 12:15:41,804 INFO     ___FILE_ONLY___  
2022-03-17 12:15:41,804 INFO     ___FILE_ONLY___ You
2022-03-17 12:15:41,804 INFO     ___FILE_ONLY___  
2022-03-17 12:15:41,804 INFO     ___FILE_ONLY___ can
2022-03-17 12:15:41,804 INFO     ___FILE_ONLY___  
2022-03-17 12:15:41,804 INFO     ___FILE_ONLY___ still
2022-03-17 12:15:41,805 INFO     ___FILE_ONLY___  
2022-03-17 12:15:41,805 INFO     ___FILE_ONLY___ use
2022-03-17 12:15:41,805 INFO     ___FILE_ONLY___  
2022-03-17 12:15:41,805 INFO     ___FILE_ONLY___ [1m--no-launch-browser[m
2022-03-17 12:15:41,805 INFO     ___FILE_ONLY___  
2022-03-17 12:15:41,805 INFO     ___FILE_ONLY___ flow
2022-03-17 12:15:41,805 INFO     ___FILE_ONLY___  
2022-03-17 12:15:41,805 INFO     ___FILE_ONLY___ by
2022-03-17 12:15:41,805 INFO     ___FILE_ONLY___ 

2022-03-17 12:15:41,805 INFO     ___FILE_ONLY___         
2022-03-17 12:15:41,806 INFO     ___FILE_ONLY___ explicitly
2022-03-17 12:15:41,806 INFO     ___FILE_ONLY___  
2022-03-17 12:15:41,806 INFO     ___FILE_ONLY___ specifying
2022-03-17 12:15:41,806 INFO     ___FILE_ONLY___  
2022-03-17 12:15:41,806 INFO     ___FILE_ONLY___ it.
2022-03-17 12:15:41,806 INFO     ___FILE_ONLY___  
2022-03-17 12:15:41,806 INFO     ___FILE_ONLY___ Note
2022-03-17 12:15:41,806 INFO     ___FILE_ONLY___  
2022-03-17 12:15:41,806 INFO     ___FILE_ONLY___ that
2022-03-17 12:15:41,806 INFO     ___FILE_ONLY___  
2022-03-17 12:15:41,806 INFO     ___FILE_ONLY___ [1m--no-launch-browser[m
2022-03-17 12:15:41,807 INFO     ___FILE_ONLY___  
2022-03-17 12:15:41,807 INFO     ___FILE_ONLY___ will
2022-03-17 12:15:41,807 INFO     ___FILE_ONLY___  
2022-03-17 12:15:41,807 INFO     ___FILE_ONLY___ be
2022-03-17 12:15:41,807 INFO     ___FILE_ONLY___  
2022-03-17 12:15:41,807 INFO     ___FILE_ONLY___ removed
2022-03-17 12:15:41,807 INFO     ___FILE_ONLY___ 

2022-03-17 12:15:41,807 INFO     ___FILE_ONLY___         
2022-03-17 12:15:41,807 INFO     ___FILE_ONLY___ in
2022-03-17 12:15:41,807 INFO     ___FILE_ONLY___  
2022-03-17 12:15:41,808 INFO     ___FILE_ONLY___ version
2022-03-17 12:15:41,808 INFO     ___FILE_ONLY___  
2022-03-17 12:15:41,808 INFO     ___FILE_ONLY___ 383.0.0
2022-03-17 12:15:41,808 INFO     ___FILE_ONLY___  
2022-03-17 12:15:41,808 INFO     ___FILE_ONLY___ on
2022-03-17 12:15:41,808 INFO     ___FILE_ONLY___  
2022-03-17 12:15:41,808 INFO     ___FILE_ONLY___ April
2022-03-17 12:15:41,808 INFO     ___FILE_ONLY___  
2022-03-17 12:15:41,808 INFO     ___FILE_ONLY___ 26,
2022-03-17 12:15:41,808 INFO     ___FILE_ONLY___  
2022-03-17 12:15:41,808 INFO     ___FILE_ONLY___ 2022.
2022-03-17 12:15:41,809 INFO     ___FILE_ONLY___ 

2022-03-17 12:15:41,809 INFO     ___FILE_ONLY___ 

2022-03-17 12:15:41,809 INFO     ___FILE_ONLY___ [m
2022-03-17 12:15:41,809 INFO     ___FILE_ONLY___   
2022-03-17 12:15:41,809 INFO     ___FILE_ONLY___ [1mAnthos Multi-Cloud[m

2022-03-17 12:15:41,809 INFO     ___FILE_ONLY___       â–ª
2022-03-17 12:15:41,809 INFO     ___FILE_ONLY___  
2022-03-17 12:15:41,809 INFO     ___FILE_ONLY___ Added
2022-03-17 12:15:41,809 INFO     ___FILE_ONLY___  
2022-03-17 12:15:41,809 INFO     ___FILE_ONLY___ [1m--security-group-ids[m
2022-03-17 12:15:41,809 INFO     ___FILE_ONLY___  
2022-03-17 12:15:41,810 INFO     ___FILE_ONLY___ flag
2022-03-17 12:15:41,810 INFO     ___FILE_ONLY___  
2022-03-17 12:15:41,810 INFO     ___FILE_ONLY___ to
2022-03-17 12:15:41,810 INFO     ___FILE_ONLY___  
2022-03-17 12:15:41,810 INFO     ___FILE_ONLY___ [1mgcloud
2022-03-17 12:15:41,810 INFO     ___FILE_ONLY___  
2022-03-17 12:15:41,810 INFO     ___FILE_ONLY___ container
2022-03-17 12:15:41,810 INFO     ___FILE_ONLY___  
2022-03-17 12:15:41,810 INFO     ___FILE_ONLY___ aws
2022-03-17 12:15:41,810 INFO     ___FILE_ONLY___  
2022-03-17 12:15:41,810 INFO     ___FILE_ONLY___ node-pools
2022-03-17 12:15:41,810 INFO     ___FILE_ONLY___ 

2022-03-17 12:15:41,810 INFO     ___FILE_ONLY___         
2022-03-17 12:15:41,810 INFO     ___FILE_ONLY___ update[m
2022-03-17 12:15:41,811 INFO     ___FILE_ONLY___  
2022-03-17 12:15:41,811 INFO     ___FILE_ONLY___ to
2022-03-17 12:15:41,811 INFO     ___FILE_ONLY___  
2022-03-17 12:15:41,811 INFO     ___FILE_ONLY___ update
2022-03-17 12:15:41,811 INFO     ___FILE_ONLY___  
2022-03-17 12:15:41,811 INFO     ___FILE_ONLY___ the
2022-03-17 12:15:41,811 INFO     ___FILE_ONLY___  
2022-03-17 12:15:41,811 INFO     ___FILE_ONLY___ IDs
2022-03-17 12:15:41,811 INFO     ___FILE_ONLY___  
2022-03-17 12:15:41,811 INFO     ___FILE_ONLY___ of
2022-03-17 12:15:41,811 INFO     ___FILE_ONLY___  
2022-03-17 12:15:41,811 INFO     ___FILE_ONLY___ additional
2022-03-17 12:15:41,811 INFO     ___FILE_ONLY___  
2022-03-17 12:15:41,811 INFO     ___FILE_ONLY___ security
2022-03-17 12:15:41,811 INFO     ___FILE_ONLY___  
2022-03-17 12:15:41,812 INFO     ___FILE_ONLY___ groups
2022-03-17 12:15:41,812 INFO     ___FILE_ONLY___  
2022-03-17 12:15:41,812 INFO     ___FILE_ONLY___ to
2022-03-17 12:15:41,812 INFO     ___FILE_ONLY___  
2022-03-17 12:15:41,812 INFO     ___FILE_ONLY___ add
2022-03-17 12:15:41,812 INFO     ___FILE_ONLY___  
2022-03-17 12:15:41,812 INFO     ___FILE_ONLY___ to
2022-03-17 12:15:41,812 INFO     ___FILE_ONLY___  
2022-03-17 12:15:41,812 INFO     ___FILE_ONLY___ node
2022-03-17 12:15:41,812 INFO     ___FILE_ONLY___ 

2022-03-17 12:15:41,812 INFO     ___FILE_ONLY___         
2022-03-17 12:15:41,812 INFO     ___FILE_ONLY___ pool
2022-03-17 12:15:41,812 INFO     ___FILE_ONLY___  
2022-03-17 12:15:41,812 INFO     ___FILE_ONLY___ nodes.
2022-03-17 12:15:41,812 INFO     ___FILE_ONLY___ 

2022-03-17 12:15:41,813 INFO     ___FILE_ONLY___ 

2022-03-17 12:15:41,813 INFO     ___FILE_ONLY___ [m
2022-03-17 12:15:41,813 INFO     ___FILE_ONLY___   
2022-03-17 12:15:41,813 INFO     ___FILE_ONLY___ [1mArtifact Registry[m

2022-03-17 12:15:41,813 INFO     ___FILE_ONLY___       â–ª
2022-03-17 12:15:41,813 INFO     ___FILE_ONLY___  
2022-03-17 12:15:41,813 INFO     ___FILE_ONLY___ Fixed
2022-03-17 12:15:41,813 INFO     ___FILE_ONLY___  
2022-03-17 12:15:41,813 INFO     ___FILE_ONLY___ issue
2022-03-17 12:15:41,813 INFO     ___FILE_ONLY___  
2022-03-17 12:15:41,813 INFO     ___FILE_ONLY___ where
2022-03-17 12:15:41,814 INFO     ___FILE_ONLY___  
2022-03-17 12:15:41,814 INFO     ___FILE_ONLY___ [1mgcloud
2022-03-17 12:15:41,814 INFO     ___FILE_ONLY___  
2022-03-17 12:15:41,814 INFO     ___FILE_ONLY___ artifacts
2022-03-17 12:15:41,814 INFO     ___FILE_ONLY___  
2022-03-17 12:15:41,814 INFO     ___FILE_ONLY___ repositories
2022-03-17 12:15:41,814 INFO     ___FILE_ONLY___  
2022-03-17 12:15:41,814 INFO     ___FILE_ONLY___ create[m
2022-03-17 12:15:41,814 INFO     ___FILE_ONLY___  
2022-03-17 12:15:41,814 INFO     ___FILE_ONLY___ requires
2022-03-17 12:15:41,814 INFO     ___FILE_ONLY___ 

2022-03-17 12:15:41,814 INFO     ___FILE_ONLY___         
2022-03-17 12:15:41,814 INFO     ___FILE_ONLY___ exessive
2022-03-17 12:15:41,815 INFO     ___FILE_ONLY___  
2022-03-17 12:15:41,815 INFO     ___FILE_ONLY___ permission
2022-03-17 12:15:41,815 INFO     ___FILE_ONLY___  
2022-03-17 12:15:41,815 INFO     ___FILE_ONLY___ when
2022-03-17 12:15:41,815 INFO     ___FILE_ONLY___  
2022-03-17 12:15:41,815 INFO     ___FILE_ONLY___ a
2022-03-17 12:15:41,815 INFO     ___FILE_ONLY___  
2022-03-17 12:15:41,815 INFO     ___FILE_ONLY___ kms
2022-03-17 12:15:41,815 INFO     ___FILE_ONLY___  
2022-03-17 12:15:41,815 INFO     ___FILE_ONLY___ key
2022-03-17 12:15:41,815 INFO     ___FILE_ONLY___  
2022-03-17 12:15:41,815 INFO     ___FILE_ONLY___ is
2022-03-17 12:15:41,815 INFO     ___FILE_ONLY___  
2022-03-17 12:15:41,815 INFO     ___FILE_ONLY___ supplied.
2022-03-17 12:15:41,815 INFO     ___FILE_ONLY___ 

2022-03-17 12:15:41,816 INFO     ___FILE_ONLY___ 

2022-03-17 12:15:41,816 INFO     ___FILE_ONLY___ [m
2022-03-17 12:15:41,816 INFO     ___FILE_ONLY___   
2022-03-17 12:15:41,816 INFO     ___FILE_ONLY___ [1mBare Metal Solution[m

2022-03-17 12:15:41,816 INFO     ___FILE_ONLY___       â–ª
2022-03-17 12:15:41,816 INFO     ___FILE_ONLY___  
2022-03-17 12:15:41,816 INFO     ___FILE_ONLY___ Promoted
2022-03-17 12:15:41,816 INFO     ___FILE_ONLY___  
2022-03-17 12:15:41,816 INFO     ___FILE_ONLY___ [1mgcloud
2022-03-17 12:15:41,816 INFO     ___FILE_ONLY___  
2022-03-17 12:15:41,816 INFO     ___FILE_ONLY___ bms
2022-03-17 12:15:41,816 INFO     ___FILE_ONLY___  
2022-03-17 12:15:41,816 INFO     ___FILE_ONLY___ instances
2022-03-17 12:15:41,817 INFO     ___FILE_ONLY___  
2022-03-17 12:15:41,817 INFO     ___FILE_ONLY___ start[m
2022-03-17 12:15:41,817 INFO     ___FILE_ONLY___  
2022-03-17 12:15:41,817 INFO     ___FILE_ONLY___ to
2022-03-17 12:15:41,817 INFO     ___FILE_ONLY___  
2022-03-17 12:15:41,817 INFO     ___FILE_ONLY___ GA.
2022-03-17 12:15:41,817 INFO     ___FILE_ONLY___ 

2022-03-17 12:15:41,817 INFO     ___FILE_ONLY___       â–ª
2022-03-17 12:15:41,817 INFO     ___FILE_ONLY___  
2022-03-17 12:15:41,817 INFO     ___FILE_ONLY___ Promoted
2022-03-17 12:15:41,817 INFO     ___FILE_ONLY___  
2022-03-17 12:15:41,817 INFO     ___FILE_ONLY___ [1mgcloud
2022-03-17 12:15:41,817 INFO     ___FILE_ONLY___  
2022-03-17 12:15:41,817 INFO     ___FILE_ONLY___ bms
2022-03-17 12:15:41,818 INFO     ___FILE_ONLY___  
2022-03-17 12:15:41,818 INFO     ___FILE_ONLY___ instances
2022-03-17 12:15:41,818 INFO     ___FILE_ONLY___  
2022-03-17 12:15:41,818 INFO     ___FILE_ONLY___ update[m
2022-03-17 12:15:41,818 INFO     ___FILE_ONLY___  
2022-03-17 12:15:41,818 INFO     ___FILE_ONLY___ to
2022-03-17 12:15:41,818 INFO     ___FILE_ONLY___  
2022-03-17 12:15:41,818 INFO     ___FILE_ONLY___ GA.
2022-03-17 12:15:41,818 INFO     ___FILE_ONLY___ 

2022-03-17 12:15:41,818 INFO     ___FILE_ONLY___       â–ª
2022-03-17 12:15:41,818 INFO     ___FILE_ONLY___  
2022-03-17 12:15:41,818 INFO     ___FILE_ONLY___ Promoted
2022-03-17 12:15:41,819 INFO     ___FILE_ONLY___  
2022-03-17 12:15:41,819 INFO     ___FILE_ONLY___ [1mgcloud
2022-03-17 12:15:41,819 INFO     ___FILE_ONLY___  
2022-03-17 12:15:41,819 INFO     ___FILE_ONLY___ bms
2022-03-17 12:15:41,819 INFO     ___FILE_ONLY___  
2022-03-17 12:15:41,819 INFO     ___FILE_ONLY___ networks
2022-03-17 12:15:41,819 INFO     ___FILE_ONLY___  
2022-03-17 12:15:41,819 INFO     ___FILE_ONLY___ update[m
2022-03-17 12:15:41,819 INFO     ___FILE_ONLY___  
2022-03-17 12:15:41,819 INFO     ___FILE_ONLY___ to
2022-03-17 12:15:41,819 INFO     ___FILE_ONLY___  
2022-03-17 12:15:41,819 INFO     ___FILE_ONLY___ GA.
2022-03-17 12:15:41,819 INFO     ___FILE_ONLY___ 

2022-03-17 12:15:41,819 INFO     ___FILE_ONLY___       â–ª
2022-03-17 12:15:41,819 INFO     ___FILE_ONLY___  
2022-03-17 12:15:41,820 INFO     ___FILE_ONLY___ Promoted
2022-03-17 12:15:41,820 INFO     ___FILE_ONLY___  
2022-03-17 12:15:41,820 INFO     ___FILE_ONLY___ [1mgcloud
2022-03-17 12:15:41,820 INFO     ___FILE_ONLY___  
2022-03-17 12:15:41,820 INFO     ___FILE_ONLY___ bms
2022-03-17 12:15:41,820 INFO     ___FILE_ONLY___  
2022-03-17 12:15:41,820 INFO     ___FILE_ONLY___ nfs-shares
2022-03-17 12:15:41,820 INFO     ___FILE_ONLY___  
2022-03-17 12:15:41,820 INFO     ___FILE_ONLY___ describe[m
2022-03-17 12:15:41,820 INFO     ___FILE_ONLY___  
2022-03-17 12:15:41,820 INFO     ___FILE_ONLY___ to
2022-03-17 12:15:41,820 INFO     ___FILE_ONLY___  
2022-03-17 12:15:41,820 INFO     ___FILE_ONLY___ GA.
2022-03-17 12:15:41,821 INFO     ___FILE_ONLY___ 

2022-03-17 12:15:41,821 INFO     ___FILE_ONLY___       â–ª
2022-03-17 12:15:41,821 INFO     ___FILE_ONLY___  
2022-03-17 12:15:41,821 INFO     ___FILE_ONLY___ Promoted
2022-03-17 12:15:41,821 INFO     ___FILE_ONLY___  
2022-03-17 12:15:41,821 INFO     ___FILE_ONLY___ [1mgcloud
2022-03-17 12:15:41,821 INFO     ___FILE_ONLY___  
2022-03-17 12:15:41,821 INFO     ___FILE_ONLY___ bms
2022-03-17 12:15:41,821 INFO     ___FILE_ONLY___  
2022-03-17 12:15:41,821 INFO     ___FILE_ONLY___ nfs-shares
2022-03-17 12:15:41,821 INFO     ___FILE_ONLY___  
2022-03-17 12:15:41,822 INFO     ___FILE_ONLY___ list[m
2022-03-17 12:15:41,822 INFO     ___FILE_ONLY___  
2022-03-17 12:15:41,822 INFO     ___FILE_ONLY___ to
2022-03-17 12:15:41,822 INFO     ___FILE_ONLY___  
2022-03-17 12:15:41,822 INFO     ___FILE_ONLY___ GA.
2022-03-17 12:15:41,822 INFO     ___FILE_ONLY___ 

2022-03-17 12:15:41,822 INFO     ___FILE_ONLY___       â–ª
2022-03-17 12:15:41,822 INFO     ___FILE_ONLY___  
2022-03-17 12:15:41,822 INFO     ___FILE_ONLY___ Promoted
2022-03-17 12:15:41,822 INFO     ___FILE_ONLY___  
2022-03-17 12:15:41,822 INFO     ___FILE_ONLY___ [1mgcloud
2022-03-17 12:15:41,822 INFO     ___FILE_ONLY___  
2022-03-17 12:15:41,822 INFO     ___FILE_ONLY___ bms
2022-03-17 12:15:41,823 INFO     ___FILE_ONLY___  
2022-03-17 12:15:41,823 INFO     ___FILE_ONLY___ nfs-shares
2022-03-17 12:15:41,823 INFO     ___FILE_ONLY___  
2022-03-17 12:15:41,823 INFO     ___FILE_ONLY___ update[m
2022-03-17 12:15:41,823 INFO     ___FILE_ONLY___  
2022-03-17 12:15:41,823 INFO     ___FILE_ONLY___ to
2022-03-17 12:15:41,823 INFO     ___FILE_ONLY___  
2022-03-17 12:15:41,823 INFO     ___FILE_ONLY___ GA.
2022-03-17 12:15:41,823 INFO     ___FILE_ONLY___ 

2022-03-17 12:15:41,823 INFO     ___FILE_ONLY___       â–ª
2022-03-17 12:15:41,823 INFO     ___FILE_ONLY___  
2022-03-17 12:15:41,823 INFO     ___FILE_ONLY___ Promoted
2022-03-17 12:15:41,823 INFO     ___FILE_ONLY___  
2022-03-17 12:15:41,823 INFO     ___FILE_ONLY___ [1mgcloud
2022-03-17 12:15:41,823 INFO     ___FILE_ONLY___  
2022-03-17 12:15:41,824 INFO     ___FILE_ONLY___ bms
2022-03-17 12:15:41,824 INFO     ___FILE_ONLY___  
2022-03-17 12:15:41,824 INFO     ___FILE_ONLY___ volumes
2022-03-17 12:15:41,824 INFO     ___FILE_ONLY___  
2022-03-17 12:15:41,824 INFO     ___FILE_ONLY___ update[m
2022-03-17 12:15:41,824 INFO     ___FILE_ONLY___  
2022-03-17 12:15:41,824 INFO     ___FILE_ONLY___ to
2022-03-17 12:15:41,824 INFO     ___FILE_ONLY___  
2022-03-17 12:15:41,824 INFO     ___FILE_ONLY___ GA.
2022-03-17 12:15:41,824 INFO     ___FILE_ONLY___ 

2022-03-17 12:15:41,824 INFO     ___FILE_ONLY___       â–ª
2022-03-17 12:15:41,825 INFO     ___FILE_ONLY___  
2022-03-17 12:15:41,825 INFO     ___FILE_ONLY___ Added
2022-03-17 12:15:41,825 INFO     ___FILE_ONLY___  
2022-03-17 12:15:41,825 INFO     ___FILE_ONLY___ [1m--filter[m
2022-03-17 12:15:41,825 INFO     ___FILE_ONLY___  
2022-03-17 12:15:41,825 INFO     ___FILE_ONLY___ flag
2022-03-17 12:15:41,825 INFO     ___FILE_ONLY___  
2022-03-17 12:15:41,825 INFO     ___FILE_ONLY___ to
2022-03-17 12:15:41,825 INFO     ___FILE_ONLY___  
2022-03-17 12:15:41,825 INFO     ___FILE_ONLY___ [1mgcloud
2022-03-17 12:15:41,825 INFO     ___FILE_ONLY___  
2022-03-17 12:15:41,826 INFO     ___FILE_ONLY___ bms
2022-03-17 12:15:41,826 INFO     ___FILE_ONLY___  
2022-03-17 12:15:41,826 INFO     ___FILE_ONLY___ instances
2022-03-17 12:15:41,826 INFO     ___FILE_ONLY___  
2022-03-17 12:15:41,826 INFO     ___FILE_ONLY___ list[m.
2022-03-17 12:15:41,826 INFO     ___FILE_ONLY___ 

2022-03-17 12:15:41,826 INFO     ___FILE_ONLY___       â–ª
2022-03-17 12:15:41,826 INFO     ___FILE_ONLY___  
2022-03-17 12:15:41,826 INFO     ___FILE_ONLY___ Added
2022-03-17 12:15:41,826 INFO     ___FILE_ONLY___  
2022-03-17 12:15:41,826 INFO     ___FILE_ONLY___ [1m--filter[m
2022-03-17 12:15:41,826 INFO     ___FILE_ONLY___  
2022-03-17 12:15:41,826 INFO     ___FILE_ONLY___ flag
2022-03-17 12:15:41,826 INFO     ___FILE_ONLY___  
2022-03-17 12:15:41,826 INFO     ___FILE_ONLY___ to
2022-03-17 12:15:41,827 INFO     ___FILE_ONLY___  
2022-03-17 12:15:41,827 INFO     ___FILE_ONLY___ [1mgcloud
2022-03-17 12:15:41,827 INFO     ___FILE_ONLY___  
2022-03-17 12:15:41,827 INFO     ___FILE_ONLY___ bms
2022-03-17 12:15:41,827 INFO     ___FILE_ONLY___  
2022-03-17 12:15:41,827 INFO     ___FILE_ONLY___ volumes
2022-03-17 12:15:41,827 INFO     ___FILE_ONLY___  
2022-03-17 12:15:41,827 INFO     ___FILE_ONLY___ list[m.
2022-03-17 12:15:41,827 INFO     ___FILE_ONLY___ 

2022-03-17 12:15:41,827 INFO     ___FILE_ONLY___ 

2022-03-17 12:15:41,827 INFO     ___FILE_ONLY___ [m
2022-03-17 12:15:41,827 INFO     ___FILE_ONLY___   
2022-03-17 12:15:41,827 INFO     ___FILE_ONLY___ [1mCertificate Manager[m

2022-03-17 12:15:41,827 INFO     ___FILE_ONLY___       â–ª
2022-03-17 12:15:41,828 INFO     ___FILE_ONLY___  
2022-03-17 12:15:41,828 INFO     ___FILE_ONLY___ Improved
2022-03-17 12:15:41,828 INFO     ___FILE_ONLY___  
2022-03-17 12:15:41,828 INFO     ___FILE_ONLY___ output
2022-03-17 12:15:41,828 INFO     ___FILE_ONLY___  
2022-03-17 12:15:41,828 INFO     ___FILE_ONLY___ of
2022-03-17 12:15:41,828 INFO     ___FILE_ONLY___  
2022-03-17 12:15:41,828 INFO     ___FILE_ONLY___ [1mgcloud
2022-03-17 12:15:41,828 INFO     ___FILE_ONLY___  
2022-03-17 12:15:41,828 INFO     ___FILE_ONLY___ beta
2022-03-17 12:15:41,828 INFO     ___FILE_ONLY___  
2022-03-17 12:15:41,828 INFO     ___FILE_ONLY___ certificate-manager
2022-03-17 12:15:41,828 INFO     ___FILE_ONLY___  
2022-03-17 12:15:41,829 INFO     ___FILE_ONLY___ dns-authorizations
2022-03-17 12:15:41,829 INFO     ___FILE_ONLY___ 

2022-03-17 12:15:41,829 INFO     ___FILE_ONLY___         
2022-03-17 12:15:41,829 INFO     ___FILE_ONLY___ create[m
2022-03-17 12:15:41,829 INFO     ___FILE_ONLY___  
2022-03-17 12:15:41,829 INFO     ___FILE_ONLY___ command.
2022-03-17 12:15:41,829 INFO     ___FILE_ONLY___  
2022-03-17 12:15:41,829 INFO     ___FILE_ONLY___ The
2022-03-17 12:15:41,829 INFO     ___FILE_ONLY___  
2022-03-17 12:15:41,829 INFO     ___FILE_ONLY___ output
2022-03-17 12:15:41,829 INFO     ___FILE_ONLY___  
2022-03-17 12:15:41,829 INFO     ___FILE_ONLY___ does
2022-03-17 12:15:41,829 INFO     ___FILE_ONLY___  
2022-03-17 12:15:41,829 INFO     ___FILE_ONLY___ not
2022-03-17 12:15:41,830 INFO     ___FILE_ONLY___  
2022-03-17 12:15:41,830 INFO     ___FILE_ONLY___ contain
2022-03-17 12:15:41,830 INFO     ___FILE_ONLY___  
2022-03-17 12:15:41,830 INFO     ___FILE_ONLY___ details
2022-03-17 12:15:41,830 INFO     ___FILE_ONLY___  
2022-03-17 12:15:41,830 INFO     ___FILE_ONLY___ of
2022-03-17 12:15:41,830 INFO     ___FILE_ONLY___  
2022-03-17 12:15:41,830 INFO     ___FILE_ONLY___ a
2022-03-17 12:15:41,830 INFO     ___FILE_ONLY___  
2022-03-17 12:15:41,830 INFO     ___FILE_ONLY___ created
2022-03-17 12:15:41,830 INFO     ___FILE_ONLY___ 

2022-03-17 12:15:41,830 INFO     ___FILE_ONLY___         
2022-03-17 12:15:41,830 INFO     ___FILE_ONLY___ resource
2022-03-17 12:15:41,831 INFO     ___FILE_ONLY___  
2022-03-17 12:15:41,831 INFO     ___FILE_ONLY___ anymore.
2022-03-17 12:15:41,831 INFO     ___FILE_ONLY___ 

2022-03-17 12:15:41,831 INFO     ___FILE_ONLY___ 

2022-03-17 12:15:41,831 INFO     ___FILE_ONLY___ [m
2022-03-17 12:15:41,831 INFO     ___FILE_ONLY___   
2022-03-17 12:15:41,831 INFO     ___FILE_ONLY___ [1mCloud Composer[m

2022-03-17 12:15:41,831 INFO     ___FILE_ONLY___       â–ª
2022-03-17 12:15:41,831 INFO     ___FILE_ONLY___  
2022-03-17 12:15:41,831 INFO     ___FILE_ONLY___ Added
2022-03-17 12:15:41,831 INFO     ___FILE_ONLY___  
2022-03-17 12:15:41,832 INFO     ___FILE_ONLY___ support
2022-03-17 12:15:41,832 INFO     ___FILE_ONLY___  
2022-03-17 12:15:41,832 INFO     ___FILE_ONLY___ for
2022-03-17 12:15:41,832 INFO     ___FILE_ONLY___  
2022-03-17 12:15:41,832 INFO     ___FILE_ONLY___ [1mcomposer-1[m
2022-03-17 12:15:41,832 INFO     ___FILE_ONLY___  
2022-03-17 12:15:41,832 INFO     ___FILE_ONLY___ and
2022-03-17 12:15:41,832 INFO     ___FILE_ONLY___  
2022-03-17 12:15:41,832 INFO     ___FILE_ONLY___ [1mcomposer-2[m
2022-03-17 12:15:41,832 INFO     ___FILE_ONLY___  
2022-03-17 12:15:41,832 INFO     ___FILE_ONLY___ aliases
2022-03-17 12:15:41,832 INFO     ___FILE_ONLY___  
2022-03-17 12:15:41,832 INFO     ___FILE_ONLY___ in
2022-03-17 12:15:41,832 INFO     ___FILE_ONLY___  
2022-03-17 12:15:41,832 INFO     ___FILE_ONLY___ Composer
2022-03-17 12:15:41,833 INFO     ___FILE_ONLY___  
2022-03-17 12:15:41,833 INFO     ___FILE_ONLY___ part
2022-03-17 12:15:41,833 INFO     ___FILE_ONLY___ 

2022-03-17 12:15:41,833 INFO     ___FILE_ONLY___         
2022-03-17 12:15:41,833 INFO     ___FILE_ONLY___ of
2022-03-17 12:15:41,833 INFO     ___FILE_ONLY___  
2022-03-17 12:15:41,833 INFO     ___FILE_ONLY___ [1m--image-version[m
2022-03-17 12:15:41,833 INFO     ___FILE_ONLY___  
2022-03-17 12:15:41,833 INFO     ___FILE_ONLY___ flag
2022-03-17 12:15:41,833 INFO     ___FILE_ONLY___  
2022-03-17 12:15:41,833 INFO     ___FILE_ONLY___ in
2022-03-17 12:15:41,833 INFO     ___FILE_ONLY___  
2022-03-17 12:15:41,833 INFO     ___FILE_ONLY___ [1mgcloud
2022-03-17 12:15:41,833 INFO     ___FILE_ONLY___  
2022-03-17 12:15:41,833 INFO     ___FILE_ONLY___ beta
2022-03-17 12:15:41,834 INFO     ___FILE_ONLY___  
2022-03-17 12:15:41,834 INFO     ___FILE_ONLY___ composer
2022-03-17 12:15:41,834 INFO     ___FILE_ONLY___  
2022-03-17 12:15:41,834 INFO     ___FILE_ONLY___ environments
2022-03-17 12:15:41,834 INFO     ___FILE_ONLY___  
2022-03-17 12:15:41,834 INFO     ___FILE_ONLY___ create[m,
2022-03-17 12:15:41,834 INFO     ___FILE_ONLY___ 

2022-03-17 12:15:41,834 INFO     ___FILE_ONLY___         
2022-03-17 12:15:41,834 INFO     ___FILE_ONLY___ [1mgcloud
2022-03-17 12:15:41,834 INFO     ___FILE_ONLY___  
2022-03-17 12:15:41,834 INFO     ___FILE_ONLY___ beta
2022-03-17 12:15:41,834 INFO     ___FILE_ONLY___  
2022-03-17 12:15:41,834 INFO     ___FILE_ONLY___ composer
2022-03-17 12:15:41,834 INFO     ___FILE_ONLY___  
2022-03-17 12:15:41,834 INFO     ___FILE_ONLY___ environments
2022-03-17 12:15:41,834 INFO     ___FILE_ONLY___  
2022-03-17 12:15:41,835 INFO     ___FILE_ONLY___ update[m,
2022-03-17 12:15:41,843 INFO     ___FILE_ONLY___  
2022-03-17 12:15:41,843 INFO     ___FILE_ONLY___ [1mgcloud
2022-03-17 12:15:41,843 INFO     ___FILE_ONLY___  
2022-03-17 12:15:41,843 INFO     ___FILE_ONLY___ beta
2022-03-17 12:15:41,843 INFO     ___FILE_ONLY___  
2022-03-17 12:15:41,843 INFO     ___FILE_ONLY___ composer
2022-03-17 12:15:41,843 INFO     ___FILE_ONLY___ 

2022-03-17 12:15:41,843 INFO     ___FILE_ONLY___         
2022-03-17 12:15:41,843 INFO     ___FILE_ONLY___ environments
2022-03-17 12:15:41,844 INFO     ___FILE_ONLY___  
2022-03-17 12:15:41,844 INFO     ___FILE_ONLY___ check-upgrade[m.
2022-03-17 12:15:41,844 INFO     ___FILE_ONLY___ 

2022-03-17 12:15:41,844 INFO     ___FILE_ONLY___       â–ª
2022-03-17 12:15:41,844 INFO     ___FILE_ONLY___  
2022-03-17 12:15:41,844 INFO     ___FILE_ONLY___ Fixed
2022-03-17 12:15:41,844 INFO     ___FILE_ONLY___  
2022-03-17 12:15:41,844 INFO     ___FILE_ONLY___ support
2022-03-17 12:15:41,844 INFO     ___FILE_ONLY___  
2022-03-17 12:15:41,844 INFO     ___FILE_ONLY___ for
2022-03-17 12:15:41,844 INFO     ___FILE_ONLY___  
2022-03-17 12:15:41,844 INFO     ___FILE_ONLY___ [1mX.Y[m
2022-03-17 12:15:41,844 INFO     ___FILE_ONLY___  
2022-03-17 12:15:41,845 INFO     ___FILE_ONLY___ aliases
2022-03-17 12:15:41,845 INFO     ___FILE_ONLY___  
2022-03-17 12:15:41,845 INFO     ___FILE_ONLY___ in
2022-03-17 12:15:41,845 INFO     ___FILE_ONLY___  
2022-03-17 12:15:41,845 INFO     ___FILE_ONLY___ [1m--airflow-version[m
2022-03-17 12:15:41,845 INFO     ___FILE_ONLY___  
2022-03-17 12:15:41,845 INFO     ___FILE_ONLY___ flag
2022-03-17 12:15:41,845 INFO     ___FILE_ONLY___  
2022-03-17 12:15:41,845 INFO     ___FILE_ONLY___ and
2022-03-17 12:15:41,845 INFO     ___FILE_ONLY___ 

2022-03-17 12:15:41,845 INFO     ___FILE_ONLY___         
2022-03-17 12:15:41,845 INFO     ___FILE_ONLY___ [1mairflow-X.Y[m
2022-03-17 12:15:41,845 INFO     ___FILE_ONLY___  
2022-03-17 12:15:41,845 INFO     ___FILE_ONLY___ aliases
2022-03-17 12:15:41,845 INFO     ___FILE_ONLY___  
2022-03-17 12:15:41,846 INFO     ___FILE_ONLY___ in
2022-03-17 12:15:41,846 INFO     ___FILE_ONLY___  
2022-03-17 12:15:41,846 INFO     ___FILE_ONLY___ Airflow
2022-03-17 12:15:41,846 INFO     ___FILE_ONLY___  
2022-03-17 12:15:41,846 INFO     ___FILE_ONLY___ part
2022-03-17 12:15:41,846 INFO     ___FILE_ONLY___  
2022-03-17 12:15:41,846 INFO     ___FILE_ONLY___ of
2022-03-17 12:15:41,846 INFO     ___FILE_ONLY___  
2022-03-17 12:15:41,846 INFO     ___FILE_ONLY___ [1m--image-version[m
2022-03-17 12:15:41,846 INFO     ___FILE_ONLY___  
2022-03-17 12:15:41,846 INFO     ___FILE_ONLY___ flag
2022-03-17 12:15:41,846 INFO     ___FILE_ONLY___  
2022-03-17 12:15:41,846 INFO     ___FILE_ONLY___ in
2022-03-17 12:15:41,846 INFO     ___FILE_ONLY___  
2022-03-17 12:15:41,846 INFO     ___FILE_ONLY___ [1mgcloud
2022-03-17 12:15:41,847 INFO     ___FILE_ONLY___ 

2022-03-17 12:15:41,847 INFO     ___FILE_ONLY___         
2022-03-17 12:15:41,847 INFO     ___FILE_ONLY___ beta
2022-03-17 12:15:41,847 INFO     ___FILE_ONLY___  
2022-03-17 12:15:41,847 INFO     ___FILE_ONLY___ composer
2022-03-17 12:15:41,847 INFO     ___FILE_ONLY___  
2022-03-17 12:15:41,847 INFO     ___FILE_ONLY___ environments
2022-03-17 12:15:41,847 INFO     ___FILE_ONLY___  
2022-03-17 12:15:41,847 INFO     ___FILE_ONLY___ update[m
2022-03-17 12:15:41,847 INFO     ___FILE_ONLY___  
2022-03-17 12:15:41,847 INFO     ___FILE_ONLY___ and
2022-03-17 12:15:41,847 INFO     ___FILE_ONLY___  
2022-03-17 12:15:41,847 INFO     ___FILE_ONLY___ [1mgcloud
2022-03-17 12:15:41,847 INFO     ___FILE_ONLY___  
2022-03-17 12:15:41,847 INFO     ___FILE_ONLY___ beta
2022-03-17 12:15:41,847 INFO     ___FILE_ONLY___  
2022-03-17 12:15:41,848 INFO     ___FILE_ONLY___ composer
2022-03-17 12:15:41,848 INFO     ___FILE_ONLY___  
2022-03-17 12:15:41,848 INFO     ___FILE_ONLY___ environments
2022-03-17 12:15:41,848 INFO     ___FILE_ONLY___ 

2022-03-17 12:15:41,848 INFO     ___FILE_ONLY___         
2022-03-17 12:15:41,848 INFO     ___FILE_ONLY___ check-upgrade[m.
2022-03-17 12:15:41,848 INFO     ___FILE_ONLY___ 

2022-03-17 12:15:41,848 INFO     ___FILE_ONLY___ 

2022-03-17 12:15:41,848 INFO     ___FILE_ONLY___ [m
2022-03-17 12:15:41,848 INFO     ___FILE_ONLY___   
2022-03-17 12:15:41,848 INFO     ___FILE_ONLY___ [1mCloud DNS[m

2022-03-17 12:15:41,848 INFO     ___FILE_ONLY___       â–ª
2022-03-17 12:15:41,848 INFO     ___FILE_ONLY___  
2022-03-17 12:15:41,848 INFO     ___FILE_ONLY___ Add
2022-03-17 12:15:41,849 INFO     ___FILE_ONLY___  
2022-03-17 12:15:41,849 INFO     ___FILE_ONLY___ setIampolicy
2022-03-17 12:15:41,849 INFO     ___FILE_ONLY___  
2022-03-17 12:15:41,849 INFO     ___FILE_ONLY___ and
2022-03-17 12:15:41,849 INFO     ___FILE_ONLY___  
2022-03-17 12:15:41,849 INFO     ___FILE_ONLY___ getIamPolicy
2022-03-17 12:15:41,849 INFO     ___FILE_ONLY___  
2022-03-17 12:15:41,849 INFO     ___FILE_ONLY___ Alpha
2022-03-17 12:15:41,849 INFO     ___FILE_ONLY___  
2022-03-17 12:15:41,849 INFO     ___FILE_ONLY___ commands.
2022-03-17 12:15:41,849 INFO     ___FILE_ONLY___ 

2022-03-17 12:15:41,849 INFO     ___FILE_ONLY___ 

2022-03-17 12:15:41,849 INFO     ___FILE_ONLY___ [m
2022-03-17 12:15:41,849 INFO     ___FILE_ONLY___   
2022-03-17 12:15:41,850 INFO     ___FILE_ONLY___ [1mCloud Dataproc[m

2022-03-17 12:15:41,850 INFO     ___FILE_ONLY___       â–ª
2022-03-17 12:15:41,850 INFO     ___FILE_ONLY___  
2022-03-17 12:15:41,850 INFO     ___FILE_ONLY___ Added
2022-03-17 12:15:41,850 INFO     ___FILE_ONLY___  
2022-03-17 12:15:41,850 INFO     ___FILE_ONLY___ support
2022-03-17 12:15:41,850 INFO     ___FILE_ONLY___  
2022-03-17 12:15:41,850 INFO     ___FILE_ONLY___ for
2022-03-17 12:15:41,850 INFO     ___FILE_ONLY___  
2022-03-17 12:15:41,850 INFO     ___FILE_ONLY___ Clusters
2022-03-17 12:15:41,850 INFO     ___FILE_ONLY___  
2022-03-17 12:15:41,850 INFO     ___FILE_ONLY___ without
2022-03-17 12:15:41,850 INFO     ___FILE_ONLY___  
2022-03-17 12:15:41,851 INFO     ___FILE_ONLY___ [1mcluster.config[m
2022-03-17 12:15:41,851 INFO     ___FILE_ONLY___  
2022-03-17 12:15:41,851 INFO     ___FILE_ONLY___ to
2022-03-17 12:15:41,851 INFO     ___FILE_ONLY___  
2022-03-17 12:15:41,851 INFO     ___FILE_ONLY___ [1mgcloud
2022-03-17 12:15:41,851 INFO     ___FILE_ONLY___  
2022-03-17 12:15:41,851 INFO     ___FILE_ONLY___ dataproc
2022-03-17 12:15:41,851 INFO     ___FILE_ONLY___ 

2022-03-17 12:15:41,851 INFO     ___FILE_ONLY___         
2022-03-17 12:15:41,851 INFO     ___FILE_ONLY___ jobs
2022-03-17 12:15:41,851 INFO     ___FILE_ONLY___  
2022-03-17 12:15:41,851 INFO     ___FILE_ONLY___ submit[m.
2022-03-17 12:15:41,851 INFO     ___FILE_ONLY___ 

2022-03-17 12:15:41,851 INFO     ___FILE_ONLY___ 

2022-03-17 12:15:41,851 INFO     ___FILE_ONLY___ [m
2022-03-17 12:15:41,852 INFO     ___FILE_ONLY___   
2022-03-17 12:15:41,852 INFO     ___FILE_ONLY___ [1mCloud Domains[m

2022-03-17 12:15:41,852 INFO     ___FILE_ONLY___       â–ª
2022-03-17 12:15:41,852 INFO     ___FILE_ONLY___  
2022-03-17 12:15:41,852 INFO     ___FILE_ONLY___ Allow
2022-03-17 12:15:41,852 INFO     ___FILE_ONLY___  
2022-03-17 12:15:41,852 INFO     ___FILE_ONLY___ specifying
2022-03-17 12:15:41,852 INFO     ___FILE_ONLY___  
2022-03-17 12:15:41,852 INFO     ___FILE_ONLY___ Project
2022-03-17 12:15:41,852 INFO     ___FILE_ONLY___  
2022-03-17 12:15:41,852 INFO     ___FILE_ONLY___ numbers
2022-03-17 12:15:41,852 INFO     ___FILE_ONLY___  
2022-03-17 12:15:41,852 INFO     ___FILE_ONLY___ in
2022-03-17 12:15:41,852 INFO     ___FILE_ONLY___  
2022-03-17 12:15:41,853 INFO     ___FILE_ONLY___ [1mgcloud
2022-03-17 12:15:41,853 INFO     ___FILE_ONLY___  
2022-03-17 12:15:41,853 INFO     ___FILE_ONLY___ domains[m
2022-03-17 12:15:41,853 INFO     ___FILE_ONLY___  
2022-03-17 12:15:41,853 INFO     ___FILE_ONLY___ methods.
2022-03-17 12:15:41,853 INFO     ___FILE_ONLY___ 

2022-03-17 12:15:41,853 INFO     ___FILE_ONLY___ 

2022-03-17 12:15:41,853 INFO     ___FILE_ONLY___ [m
2022-03-17 12:15:41,853 INFO     ___FILE_ONLY___   
2022-03-17 12:15:41,853 INFO     ___FILE_ONLY___ [1mCloud IAM[m

2022-03-17 12:15:41,853 INFO     ___FILE_ONLY___       â–ª
2022-03-17 12:15:41,854 INFO     ___FILE_ONLY___  
2022-03-17 12:15:41,854 INFO     ___FILE_ONLY___ Service
2022-03-17 12:15:41,854 INFO     ___FILE_ONLY___  
2022-03-17 12:15:41,854 INFO     ___FILE_ONLY___ Accounts
2022-03-17 12:15:41,854 INFO     ___FILE_ONLY___  
2022-03-17 12:15:41,854 INFO     ___FILE_ONLY___ Undelete
2022-03-17 12:15:41,854 INFO     ___FILE_ONLY___  
2022-03-17 12:15:41,854 INFO     ___FILE_ONLY___ promoted
2022-03-17 12:15:41,854 INFO     ___FILE_ONLY___  
2022-03-17 12:15:41,854 INFO     ___FILE_ONLY___ to
2022-03-17 12:15:41,854 INFO     ___FILE_ONLY___  
2022-03-17 12:15:41,854 INFO     ___FILE_ONLY___ GA
2022-03-17 12:15:41,854 INFO     ___FILE_ONLY___  
2022-03-17 12:15:41,855 INFO     ___FILE_ONLY___ command.
2022-03-17 12:15:41,855 INFO     ___FILE_ONLY___ 

2022-03-17 12:15:41,855 INFO     ___FILE_ONLY___ 

2022-03-17 12:15:41,855 INFO     ___FILE_ONLY___ [m
2022-03-17 12:15:41,855 INFO     ___FILE_ONLY___   
2022-03-17 12:15:41,855 INFO     ___FILE_ONLY___ [1mCloud Memorystore[m

2022-03-17 12:15:41,855 INFO     ___FILE_ONLY___       â–ª
2022-03-17 12:15:41,855 INFO     ___FILE_ONLY___  
2022-03-17 12:15:41,855 INFO     ___FILE_ONLY___ Promoted
2022-03-17 12:15:41,856 INFO     ___FILE_ONLY___  
2022-03-17 12:15:41,856 INFO     ___FILE_ONLY___ [1m--read-replicas-mode[m
2022-03-17 12:15:41,856 INFO     ___FILE_ONLY___  
2022-03-17 12:15:41,856 INFO     ___FILE_ONLY___ and
2022-03-17 12:15:41,856 INFO     ___FILE_ONLY___  
2022-03-17 12:15:41,856 INFO     ___FILE_ONLY___ [1m--replica-count[m
2022-03-17 12:15:41,856 INFO     ___FILE_ONLY___  
2022-03-17 12:15:41,856 INFO     ___FILE_ONLY___ flags
2022-03-17 12:15:41,856 INFO     ___FILE_ONLY___  
2022-03-17 12:15:41,856 INFO     ___FILE_ONLY___ of
2022-03-17 12:15:41,856 INFO     ___FILE_ONLY___  
2022-03-17 12:15:41,857 INFO     ___FILE_ONLY___ [1mgcloud
2022-03-17 12:15:41,857 INFO     ___FILE_ONLY___ 

2022-03-17 12:15:41,857 INFO     ___FILE_ONLY___         
2022-03-17 12:15:41,857 INFO     ___FILE_ONLY___ redis
2022-03-17 12:15:41,857 INFO     ___FILE_ONLY___  
2022-03-17 12:15:41,857 INFO     ___FILE_ONLY___ instances
2022-03-17 12:15:41,857 INFO     ___FILE_ONLY___  
2022-03-17 12:15:41,857 INFO     ___FILE_ONLY___ create[m
2022-03-17 12:15:41,857 INFO     ___FILE_ONLY___  
2022-03-17 12:15:41,857 INFO     ___FILE_ONLY___ to
2022-03-17 12:15:41,857 INFO     ___FILE_ONLY___  
2022-03-17 12:15:41,858 INFO     ___FILE_ONLY___ GA.
2022-03-17 12:15:41,858 INFO     ___FILE_ONLY___ 

2022-03-17 12:15:41,858 INFO     ___FILE_ONLY___       â–ª
2022-03-17 12:15:41,858 INFO     ___FILE_ONLY___  
2022-03-17 12:15:41,858 INFO     ___FILE_ONLY___ Promoted
2022-03-17 12:15:41,858 INFO     ___FILE_ONLY___  
2022-03-17 12:15:41,858 INFO     ___FILE_ONLY___ [1m--read-replicas-mode[m,
2022-03-17 12:15:41,858 INFO     ___FILE_ONLY___  
2022-03-17 12:15:41,858 INFO     ___FILE_ONLY___ [1m--replica-count[m,
2022-03-17 12:15:41,859 INFO     ___FILE_ONLY___  
2022-03-17 12:15:41,859 INFO     ___FILE_ONLY___ and
2022-03-17 12:15:41,859 INFO     ___FILE_ONLY___ 

2022-03-17 12:15:41,859 INFO     ___FILE_ONLY___         
2022-03-17 12:15:41,859 INFO     ___FILE_ONLY___ [1m--secondary-ip-range[m
2022-03-17 12:15:41,859 INFO     ___FILE_ONLY___  
2022-03-17 12:15:41,859 INFO     ___FILE_ONLY___ flags
2022-03-17 12:15:41,859 INFO     ___FILE_ONLY___  
2022-03-17 12:15:41,859 INFO     ___FILE_ONLY___ of
2022-03-17 12:15:41,860 INFO     ___FILE_ONLY___  
2022-03-17 12:15:41,860 INFO     ___FILE_ONLY___ [1mgcloud
2022-03-17 12:15:41,860 INFO     ___FILE_ONLY___  
2022-03-17 12:15:41,860 INFO     ___FILE_ONLY___ redis
2022-03-17 12:15:41,860 INFO     ___FILE_ONLY___  
2022-03-17 12:15:41,860 INFO     ___FILE_ONLY___ instances
2022-03-17 12:15:41,860 INFO     ___FILE_ONLY___  
2022-03-17 12:15:41,860 INFO     ___FILE_ONLY___ update[m
2022-03-17 12:15:41,860 INFO     ___FILE_ONLY___  
2022-03-17 12:15:41,860 INFO     ___FILE_ONLY___ to
2022-03-17 12:15:41,860 INFO     ___FILE_ONLY___  
2022-03-17 12:15:41,860 INFO     ___FILE_ONLY___ GA.
2022-03-17 12:15:41,861 INFO     ___FILE_ONLY___ 

2022-03-17 12:15:41,861 INFO     ___FILE_ONLY___ 

2022-03-17 12:15:41,861 INFO     ___FILE_ONLY___ [m
2022-03-17 12:15:41,861 INFO     ___FILE_ONLY___   
2022-03-17 12:15:41,861 INFO     ___FILE_ONLY___ [1mCloud Storage[m

2022-03-17 12:15:41,861 INFO     ___FILE_ONLY___       â–ª
2022-03-17 12:15:41,861 INFO     ___FILE_ONLY___  
2022-03-17 12:15:41,861 INFO     ___FILE_ONLY___ Updated
2022-03-17 12:15:41,861 INFO     ___FILE_ONLY___  
2022-03-17 12:15:41,861 INFO     ___FILE_ONLY___ gsutil
2022-03-17 12:15:41,862 INFO     ___FILE_ONLY___  
2022-03-17 12:15:41,862 INFO     ___FILE_ONLY___ component
2022-03-17 12:15:41,862 INFO     ___FILE_ONLY___  
2022-03-17 12:15:41,862 INFO     ___FILE_ONLY___ to
2022-03-17 12:15:41,862 INFO     ___FILE_ONLY___  
2022-03-17 12:15:41,862 INFO     ___FILE_ONLY___ 5.8.
2022-03-17 12:15:41,862 INFO     ___FILE_ONLY___ 

2022-03-17 12:15:41,862 INFO     ___FILE_ONLY___ 

2022-03-17 12:15:41,862 INFO     ___FILE_ONLY___ [m
2022-03-17 12:15:41,862 INFO     ___FILE_ONLY___   
2022-03-17 12:15:41,863 INFO     ___FILE_ONLY___ [1mConfig Connector[m

2022-03-17 12:15:41,863 INFO     ___FILE_ONLY___       â–ª
2022-03-17 12:15:41,863 INFO     ___FILE_ONLY___  
2022-03-17 12:15:41,863 INFO     ___FILE_ONLY___ Updated
2022-03-17 12:15:41,863 INFO     ___FILE_ONLY___  
2022-03-17 12:15:41,863 INFO     ___FILE_ONLY___ Google
2022-03-17 12:15:41,863 INFO     ___FILE_ONLY___  
2022-03-17 12:15:41,864 INFO     ___FILE_ONLY___ Cloud
2022-03-17 12:15:41,864 INFO     ___FILE_ONLY___  
2022-03-17 12:15:41,864 INFO     ___FILE_ONLY___ Config
2022-03-17 12:15:41,864 INFO     ___FILE_ONLY___  
2022-03-17 12:15:41,864 INFO     ___FILE_ONLY___ Connector
2022-03-17 12:15:41,864 INFO     ___FILE_ONLY___  
2022-03-17 12:15:41,864 INFO     ___FILE_ONLY___ to
2022-03-17 12:15:41,864 INFO     ___FILE_ONLY___  
2022-03-17 12:15:41,864 INFO     ___FILE_ONLY___ version
2022-03-17 12:15:41,864 INFO     ___FILE_ONLY___  
2022-03-17 12:15:41,864 INFO     ___FILE_ONLY___ 1.75.0.
2022-03-17 12:15:41,864 INFO     ___FILE_ONLY___  
2022-03-17 12:15:41,864 INFO     ___FILE_ONLY___ See
2022-03-17 12:15:41,865 INFO     ___FILE_ONLY___  
2022-03-17 12:15:41,865 INFO     ___FILE_ONLY___ Config
2022-03-17 12:15:41,865 INFO     ___FILE_ONLY___ 

2022-03-17 12:15:41,865 INFO     ___FILE_ONLY___         
2022-03-17 12:15:41,865 INFO     ___FILE_ONLY___ Connector
2022-03-17 12:15:41,865 INFO     ___FILE_ONLY___  
2022-03-17 12:15:41,865 INFO     ___FILE_ONLY___ Overview
2022-03-17 12:15:41,865 INFO     ___FILE_ONLY___  
2022-03-17 12:15:41,865 INFO     ___FILE_ONLY___ for
2022-03-17 12:15:41,865 INFO     ___FILE_ONLY___  
2022-03-17 12:15:41,865 INFO     ___FILE_ONLY___ more
2022-03-17 12:15:41,866 INFO     ___FILE_ONLY___  
2022-03-17 12:15:41,866 INFO     ___FILE_ONLY___ details
2022-03-17 12:15:41,866 INFO     ___FILE_ONLY___ 

2022-03-17 12:15:41,866 INFO     ___FILE_ONLY___         
2022-03-17 12:15:41,866 INFO     ___FILE_ONLY___ https://cloud.google.com/config-connector/docs/overview
2022-03-17 12:15:41,866 INFO     ___FILE_ONLY___ 

2022-03-17 12:15:41,866 INFO     ___FILE_ONLY___         
2022-03-17 12:15:41,866 INFO     ___FILE_ONLY___ (https://cloud.google.com/config-connector/docs/overview).
2022-03-17 12:15:41,866 INFO     ___FILE_ONLY___ 

2022-03-17 12:15:41,866 INFO     ___FILE_ONLY___ 

2022-03-17 12:15:41,866 INFO     ___FILE_ONLY___ [m
2022-03-17 12:15:41,867 INFO     ___FILE_ONLY___   
2022-03-17 12:15:41,867 INFO     ___FILE_ONLY___ [1mKubernetes Engine[m

2022-03-17 12:15:41,867 INFO     ___FILE_ONLY___       â–ª
2022-03-17 12:15:41,867 INFO     ___FILE_ONLY___  
2022-03-17 12:15:41,867 INFO     ___FILE_ONLY___ Added
2022-03-17 12:15:41,867 INFO     ___FILE_ONLY___  
2022-03-17 12:15:41,867 INFO     ___FILE_ONLY___ [1m--disable-pod-cidr-overprovision[m
2022-03-17 12:15:41,867 INFO     ___FILE_ONLY___  
2022-03-17 12:15:41,868 INFO     ___FILE_ONLY___ flag
2022-03-17 12:15:41,868 INFO     ___FILE_ONLY___  
2022-03-17 12:15:41,868 INFO     ___FILE_ONLY___ to
2022-03-17 12:15:41,868 INFO     ___FILE_ONLY___  
2022-03-17 12:15:41,868 INFO     ___FILE_ONLY___ [1mgcloud
2022-03-17 12:15:41,868 INFO     ___FILE_ONLY___  
2022-03-17 12:15:41,868 INFO     ___FILE_ONLY___ beta
2022-03-17 12:15:41,868 INFO     ___FILE_ONLY___  
2022-03-17 12:15:41,868 INFO     ___FILE_ONLY___ container
2022-03-17 12:15:41,868 INFO     ___FILE_ONLY___ 

2022-03-17 12:15:41,868 INFO     ___FILE_ONLY___         
2022-03-17 12:15:41,868 INFO     ___FILE_ONLY___ clusters/node-pools
2022-03-17 12:15:41,868 INFO     ___FILE_ONLY___  
2022-03-17 12:15:41,868 INFO     ___FILE_ONLY___ create[m
2022-03-17 12:15:41,868 INFO     ___FILE_ONLY___  
2022-03-17 12:15:41,868 INFO     ___FILE_ONLY___ to
2022-03-17 12:15:41,869 INFO     ___FILE_ONLY___  
2022-03-17 12:15:41,869 INFO     ___FILE_ONLY___ allow
2022-03-17 12:15:41,869 INFO     ___FILE_ONLY___  
2022-03-17 12:15:41,869 INFO     ___FILE_ONLY___ disabling
2022-03-17 12:15:41,869 INFO     ___FILE_ONLY___  
2022-03-17 12:15:41,869 INFO     ___FILE_ONLY___ overprovisioning
2022-03-17 12:15:41,869 INFO     ___FILE_ONLY___  
2022-03-17 12:15:41,869 INFO     ___FILE_ONLY___ of
2022-03-17 12:15:41,869 INFO     ___FILE_ONLY___  
2022-03-17 12:15:41,869 INFO     ___FILE_ONLY___ pod
2022-03-17 12:15:41,869 INFO     ___FILE_ONLY___ 

2022-03-17 12:15:41,869 INFO     ___FILE_ONLY___         
2022-03-17 12:15:41,869 INFO     ___FILE_ONLY___ IPs
2022-03-17 12:15:41,869 INFO     ___FILE_ONLY___  
2022-03-17 12:15:41,869 INFO     ___FILE_ONLY___ during
2022-03-17 12:15:41,870 INFO     ___FILE_ONLY___  
2022-03-17 12:15:41,870 INFO     ___FILE_ONLY___ clusters
2022-03-17 12:15:41,870 INFO     ___FILE_ONLY___  
2022-03-17 12:15:41,870 INFO     ___FILE_ONLY___ and
2022-03-17 12:15:41,870 INFO     ___FILE_ONLY___  
2022-03-17 12:15:41,870 INFO     ___FILE_ONLY___ node-pools
2022-03-17 12:15:41,870 INFO     ___FILE_ONLY___  
2022-03-17 12:15:41,870 INFO     ___FILE_ONLY___ create.
2022-03-17 12:15:41,870 INFO     ___FILE_ONLY___ 

2022-03-17 12:15:41,871 INFO     ___FILE_ONLY___ 

2022-03-17 12:15:41,871 INFO     ___FILE_ONLY___ [m
2022-03-17 12:15:41,871 INFO     ___FILE_ONLY___   
2022-03-17 12:15:41,871 INFO     ___FILE_ONLY___ [1mNetwork Connectivity[m

2022-03-17 12:15:41,871 INFO     ___FILE_ONLY___       â–ª
2022-03-17 12:15:41,871 INFO     ___FILE_ONLY___  
2022-03-17 12:15:41,871 INFO     ___FILE_ONLY___ Added
2022-03-17 12:15:41,871 INFO     ___FILE_ONLY___  
2022-03-17 12:15:41,871 INFO     ___FILE_ONLY___ [1mgcloud
2022-03-17 12:15:41,871 INFO     ___FILE_ONLY___  
2022-03-17 12:15:41,871 INFO     ___FILE_ONLY___ network-connectivity
2022-03-17 12:15:41,872 INFO     ___FILE_ONLY___  
2022-03-17 12:15:41,872 INFO     ___FILE_ONLY___ locations
2022-03-17 12:15:41,872 INFO     ___FILE_ONLY___  
2022-03-17 12:15:41,872 INFO     ___FILE_ONLY___ describe[m
2022-03-17 12:15:41,872 INFO     ___FILE_ONLY___  
2022-03-17 12:15:41,872 INFO     ___FILE_ONLY___ and
2022-03-17 12:15:41,872 INFO     ___FILE_ONLY___  
2022-03-17 12:15:41,872 INFO     ___FILE_ONLY___ [1mgcloud
2022-03-17 12:15:41,872 INFO     ___FILE_ONLY___ 

2022-03-17 12:15:41,872 INFO     ___FILE_ONLY___         
2022-03-17 12:15:41,872 INFO     ___FILE_ONLY___ network-connectivity
2022-03-17 12:15:41,872 INFO     ___FILE_ONLY___  
2022-03-17 12:15:41,872 INFO     ___FILE_ONLY___ locations
2022-03-17 12:15:41,872 INFO     ___FILE_ONLY___  
2022-03-17 12:15:41,873 INFO     ___FILE_ONLY___ list[m.
2022-03-17 12:15:41,873 INFO     ___FILE_ONLY___  
2022-03-17 12:15:41,873 INFO     ___FILE_ONLY___ These
2022-03-17 12:15:41,873 INFO     ___FILE_ONLY___  
2022-03-17 12:15:41,873 INFO     ___FILE_ONLY___ commands
2022-03-17 12:15:41,873 INFO     ___FILE_ONLY___  
2022-03-17 12:15:41,873 INFO     ___FILE_ONLY___ return
2022-03-17 12:15:41,873 INFO     ___FILE_ONLY___  
2022-03-17 12:15:41,873 INFO     ___FILE_ONLY___ information
2022-03-17 12:15:41,873 INFO     ___FILE_ONLY___ 

2022-03-17 12:15:41,873 INFO     ___FILE_ONLY___         
2022-03-17 12:15:41,873 INFO     ___FILE_ONLY___ about
2022-03-17 12:15:41,873 INFO     ___FILE_ONLY___  
2022-03-17 12:15:41,874 INFO     ___FILE_ONLY___ locations
2022-03-17 12:15:41,874 INFO     ___FILE_ONLY___  
2022-03-17 12:15:41,874 INFO     ___FILE_ONLY___ that
2022-03-17 12:15:41,874 INFO     ___FILE_ONLY___  
2022-03-17 12:15:41,874 INFO     ___FILE_ONLY___ support
2022-03-17 12:15:41,874 INFO     ___FILE_ONLY___  
2022-03-17 12:15:41,874 INFO     ___FILE_ONLY___ site-to-site
2022-03-17 12:15:41,874 INFO     ___FILE_ONLY___  
2022-03-17 12:15:41,874 INFO     ___FILE_ONLY___ data
2022-03-17 12:15:41,874 INFO     ___FILE_ONLY___  
2022-03-17 12:15:41,874 INFO     ___FILE_ONLY___ transfer.
2022-03-17 12:15:41,875 INFO     ___FILE_ONLY___ 

2022-03-17 12:15:41,875 INFO     ___FILE_ONLY___ 

2022-03-17 12:15:41,875 INFO     ___FILE_ONLY___    
2022-03-17 12:15:41,875 INFO     ___FILE_ONLY___  
2022-03-17 12:15:41,875 INFO     ___FILE_ONLY___ Subscribe
2022-03-17 12:15:41,875 INFO     ___FILE_ONLY___  
2022-03-17 12:15:41,875 INFO     ___FILE_ONLY___ to
2022-03-17 12:15:41,875 INFO     ___FILE_ONLY___  
2022-03-17 12:15:41,875 INFO     ___FILE_ONLY___ these
2022-03-17 12:15:41,875 INFO     ___FILE_ONLY___  
2022-03-17 12:15:41,875 INFO     ___FILE_ONLY___ release
2022-03-17 12:15:41,876 INFO     ___FILE_ONLY___  
2022-03-17 12:15:41,876 INFO     ___FILE_ONLY___ notes
2022-03-17 12:15:41,876 INFO     ___FILE_ONLY___  
2022-03-17 12:15:41,876 INFO     ___FILE_ONLY___ at
2022-03-17 12:15:41,876 INFO     ___FILE_ONLY___ 

2022-03-17 12:15:41,876 INFO     ___FILE_ONLY___     
2022-03-17 12:15:41,876 INFO     ___FILE_ONLY___ https://groups.google.com/forum/#!forum/google-cloud-sdk-announce
2022-03-17 12:15:41,883 INFO     ___FILE_ONLY___ 

2022-03-17 12:15:41,883 INFO     ___FILE_ONLY___     
2022-03-17 12:15:41,884 INFO     ___FILE_ONLY___ (https://groups.google.com/forum/#!forum/google-cloud-sdk-announce).
2022-03-17 12:15:41,884 INFO     ___FILE_ONLY___ 

2022-03-17 12:15:41,884 INFO     ___FILE_ONLY___ [m
2022-03-17 12:15:41,884 INFO     ___FILE_ONLY___ 

2022-03-17 12:16:42,914 INFO     ___FILE_ONLY___ â•”â•â•â•â•â•â•â•â•â•â•â•â•â•â•â•â•â•â•â•â•â•â•â•â•â•â•â•â•â•â•â•â•â•â•â•â•â•â•â•â•â•â•â•â•â•â•â•â•â•â•â•â•â•â•â•â•â•â•â•â•â•—

2022-03-17 12:16:42,915 INFO     ___FILE_ONLY___ â• â• Creating update staging area                             â•â•£

2022-03-17 12:16:42,915 INFO     ___FILE_ONLY___ â•š
2022-03-17 12:16:42,916 INFO     ___FILE_ONLY___ â•â•â•â•â•â•
2022-03-17 12:16:53,228 INFO     ___FILE_ONLY___ â•â•â•â•â•â•
2022-03-17 12:16:53,228 INFO     ___FILE_ONLY___ â•â•â•â•â•â•
2022-03-17 12:16:54,162 INFO     ___FILE_ONLY___ â•
2022-03-17 12:16:54,442 INFO     ___FILE_ONLY___ â•
2022-03-17 12:16:55,085 INFO     ___FILE_ONLY___ â•
2022-03-17 12:16:55,496 INFO     ___FILE_ONLY___ â•
2022-03-17 12:16:56,116 INFO     ___FILE_ONLY___ â•
2022-03-17 12:16:56,602 INFO     ___FILE_ONLY___ â•
2022-03-17 12:16:57,111 INFO     ___FILE_ONLY___ â•
2022-03-17 12:16:57,437 INFO     ___FILE_ONLY___ â•
2022-03-17 12:16:57,833 INFO     ___FILE_ONLY___ â•
2022-03-17 12:16:58,474 INFO     ___FILE_ONLY___ â•
2022-03-17 12:16:58,760 INFO     ___FILE_ONLY___ â•
2022-03-17 12:16:59,058 INFO     ___FILE_ONLY___ â•
2022-03-17 12:16:59,320 INFO     ___FILE_ONLY___ â•
2022-03-17 12:16:59,609 INFO     ___FILE_ONLY___ â•
2022-03-17 12:17:00,035 INFO     ___FILE_ONLY___ â•
2022-03-17 12:17:00,542 INFO     ___FILE_ONLY___ â•
2022-03-17 12:17:00,944 INFO     ___FILE_ONLY___ â•
2022-03-17 12:17:01,364 INFO     ___FILE_ONLY___ â•
2022-03-17 12:17:01,785 INFO     ___FILE_ONLY___ â•
2022-03-17 12:17:02,121 INFO     ___FILE_ONLY___ â•
2022-03-17 12:17:02,436 INFO     ___FILE_ONLY___ â•
2022-03-17 12:17:02,887 INFO     ___FILE_ONLY___ â•
2022-03-17 12:17:03,271 INFO     ___FILE_ONLY___ â•
2022-03-17 12:17:03,850 INFO     ___FILE_ONLY___ â•
2022-03-17 12:17:04,199 INFO     ___FILE_ONLY___ â•
2022-03-17 12:17:04,610 INFO     ___FILE_ONLY___ â•
2022-03-17 12:17:04,955 INFO     ___FILE_ONLY___ â•
2022-03-17 12:17:05,327 INFO     ___FILE_ONLY___ â•
2022-03-17 12:17:05,698 INFO     ___FILE_ONLY___ â•
2022-03-17 12:17:06,003 INFO     ___FILE_ONLY___ â•
2022-03-17 12:17:06,343 INFO     ___FILE_ONLY___ â•
2022-03-17 12:17:06,689 INFO     ___FILE_ONLY___ â•
2022-03-17 12:17:07,202 INFO     ___FILE_ONLY___ â•
2022-03-17 12:17:07,808 INFO     ___FILE_ONLY___ â•
2022-03-17 12:17:08,799 INFO     ___FILE_ONLY___ â•
2022-03-17 12:17:08,992 INFO     ___FILE_ONLY___ â•
2022-03-17 12:17:09,169 INFO     ___FILE_ONLY___ â•
2022-03-17 12:17:09,297 INFO     ___FILE_ONLY___ â•
2022-03-17 12:17:09,435 INFO     ___FILE_ONLY___ â•
2022-03-17 12:17:09,573 INFO     ___FILE_ONLY___ â•
2022-03-17 12:17:09,883 INFO     ___FILE_ONLY___ â•
2022-03-17 12:17:10,797 INFO     ___FILE_ONLY___ â•
2022-03-17 12:17:10,797 INFO     ___FILE_ONLY___ â•
2022-03-17 12:17:10,809 INFO     ___FILE_ONLY___ â• â•â•â•â•â•â•â•â•â•â•â•â•â•â•â•â•â•â•â•â•â•â•â•â•â•â•â•â•â•â•â•â•â•â•â•â•â•â•â•â•â•â•â•â•â•â•â•â•â•â•â•â•â•â•â•â•â•â•â•â•â•£

2022-03-17 12:17:10,809 INFO     ___FILE_ONLY___ â• â• Uninstalling: Cloud Storage Command Line Tool            â•â•£

2022-03-17 12:17:10,809 INFO     ___FILE_ONLY___ â•š
2022-03-17 12:17:10,866 INFO     ___FILE_ONLY___ â•
2022-03-17 12:17:10,903 INFO     ___FILE_ONLY___ â•
2022-03-17 12:17:10,942 INFO     ___FILE_ONLY___ â•
2022-03-17 12:17:10,980 INFO     ___FILE_ONLY___ â•
2022-03-17 12:17:11,018 INFO     ___FILE_ONLY___ â•
2022-03-17 12:17:11,055 INFO     ___FILE_ONLY___ â•
2022-03-17 12:17:11,090 INFO     ___FILE_ONLY___ â•
2022-03-17 12:17:11,126 INFO     ___FILE_ONLY___ â•
2022-03-17 12:17:11,162 INFO     ___FILE_ONLY___ â•
2022-03-17 12:17:11,195 INFO     ___FILE_ONLY___ â•
2022-03-17 12:17:11,222 INFO     ___FILE_ONLY___ â•
2022-03-17 12:17:11,252 INFO     ___FILE_ONLY___ â•
2022-03-17 12:17:11,287 INFO     ___FILE_ONLY___ â•
2022-03-17 12:17:11,321 INFO     ___FILE_ONLY___ â•
2022-03-17 12:17:11,352 INFO     ___FILE_ONLY___ â•
2022-03-17 12:17:11,383 INFO     ___FILE_ONLY___ â•
2022-03-17 12:17:11,427 INFO     ___FILE_ONLY___ â•
2022-03-17 12:17:11,467 INFO     ___FILE_ONLY___ â•
2022-03-17 12:17:11,495 INFO     ___FILE_ONLY___ â•
2022-03-17 12:17:11,525 INFO     ___FILE_ONLY___ â•
2022-03-17 12:17:11,550 INFO     ___FILE_ONLY___ â•
2022-03-17 12:17:11,584 INFO     ___FILE_ONLY___ â•
2022-03-17 12:17:11,631 INFO     ___FILE_ONLY___ â•
2022-03-17 12:17:11,655 INFO     ___FILE_ONLY___ â•
2022-03-17 12:17:11,689 INFO     ___FILE_ONLY___ â•
2022-03-17 12:17:11,717 INFO     ___FILE_ONLY___ â•
2022-03-17 12:17:11,751 INFO     ___FILE_ONLY___ â•
2022-03-17 12:17:11,797 INFO     ___FILE_ONLY___ â•
2022-03-17 12:17:11,840 INFO     ___FILE_ONLY___ â•
2022-03-17 12:17:11,880 INFO     ___FILE_ONLY___ â•
2022-03-17 12:17:11,916 INFO     ___FILE_ONLY___ â•
2022-03-17 12:17:11,955 INFO     ___FILE_ONLY___ â•
2022-03-17 12:17:11,993 INFO     ___FILE_ONLY___ â•
2022-03-17 12:17:12,031 INFO     ___FILE_ONLY___ â•
2022-03-17 12:17:12,066 INFO     ___FILE_ONLY___ â•
2022-03-17 12:17:12,102 INFO     ___FILE_ONLY___ â•
2022-03-17 12:17:12,137 INFO     ___FILE_ONLY___ â•
2022-03-17 12:17:12,171 INFO     ___FILE_ONLY___ â•
2022-03-17 12:17:12,203 INFO     ___FILE_ONLY___ â•
2022-03-17 12:17:12,237 INFO     ___FILE_ONLY___ â•
2022-03-17 12:17:12,275 INFO     ___FILE_ONLY___ â•
2022-03-17 12:17:12,307 INFO     ___FILE_ONLY___ â•
2022-03-17 12:17:12,341 INFO     ___FILE_ONLY___ â•
2022-03-17 12:17:12,381 INFO     ___FILE_ONLY___ â•
2022-03-17 12:17:12,442 INFO     ___FILE_ONLY___ â•
2022-03-17 12:17:12,488 INFO     ___FILE_ONLY___ â•
2022-03-17 12:17:12,520 INFO     ___FILE_ONLY___ â•
2022-03-17 12:17:12,558 INFO     ___FILE_ONLY___ â•
2022-03-17 12:17:12,604 INFO     ___FILE_ONLY___ â•
2022-03-17 12:17:12,648 INFO     ___FILE_ONLY___ â•
2022-03-17 12:17:12,689 INFO     ___FILE_ONLY___ â•
2022-03-17 12:17:12,727 INFO     ___FILE_ONLY___ â•
2022-03-17 12:17:12,762 INFO     ___FILE_ONLY___ â•
2022-03-17 12:17:12,799 INFO     ___FILE_ONLY___ â•
2022-03-17 12:17:12,838 INFO     ___FILE_ONLY___ â•
2022-03-17 12:17:12,877 INFO     ___FILE_ONLY___ â•
2022-03-17 12:17:12,917 INFO     ___FILE_ONLY___ â•
2022-03-17 12:17:12,959 INFO     ___FILE_ONLY___ â•
2022-03-17 12:17:12,999 INFO     ___FILE_ONLY___ â•
2022-03-17 12:17:13,039 INFO     ___FILE_ONLY___ â•
2022-03-17 12:17:13,040 INFO     ___FILE_ONLY___ â•
2022-03-17 12:17:13,207 INFO     ___FILE_ONLY___ â• â•â•â•â•â•â•â•â•â•â•â•â•â•â•â•â•â•â•â•â•â•â•â•â•â•â•â•â•â•â•â•â•â•â•â•â•â•â•â•â•â•â•â•â•â•â•â•â•â•â•â•â•â•â•â•â•â•â•â•â•â•£

2022-03-17 12:17:13,207 INFO     ___FILE_ONLY___ â• â• Uninstalling: Google Cloud CLI Core Libraries            â•â•£

2022-03-17 12:17:13,207 INFO     ___FILE_ONLY___ â•š
2022-03-17 12:17:13,316 INFO     ___FILE_ONLY___ â•
2022-03-17 12:17:13,406 INFO     ___FILE_ONLY___ â•
2022-03-17 12:17:13,500 INFO     ___FILE_ONLY___ â•
2022-03-17 12:17:13,588 INFO     ___FILE_ONLY___ â•
2022-03-17 12:17:13,673 INFO     ___FILE_ONLY___ â•
2022-03-17 12:17:13,759 INFO     ___FILE_ONLY___ â•
2022-03-17 12:17:13,840 INFO     ___FILE_ONLY___ â•
2022-03-17 12:17:13,916 INFO     ___FILE_ONLY___ â•
2022-03-17 12:17:13,992 INFO     ___FILE_ONLY___ â•
2022-03-17 12:17:14,076 INFO     ___FILE_ONLY___ â•
2022-03-17 12:17:14,146 INFO     ___FILE_ONLY___ â•
2022-03-17 12:17:14,227 INFO     ___FILE_ONLY___ â•
2022-03-17 12:17:14,303 INFO     ___FILE_ONLY___ â•
2022-03-17 12:17:14,381 INFO     ___FILE_ONLY___ â•
2022-03-17 12:17:14,458 INFO     ___FILE_ONLY___ â•
2022-03-17 12:17:14,536 INFO     ___FILE_ONLY___ â•
2022-03-17 12:17:14,604 INFO     ___FILE_ONLY___ â•
2022-03-17 12:17:14,672 INFO     ___FILE_ONLY___ â•
2022-03-17 12:17:14,761 INFO     ___FILE_ONLY___ â•
2022-03-17 12:17:14,862 INFO     ___FILE_ONLY___ â•
2022-03-17 12:17:14,966 INFO     ___FILE_ONLY___ â•
2022-03-17 12:17:15,076 INFO     ___FILE_ONLY___ â•
2022-03-17 12:17:15,179 INFO     ___FILE_ONLY___ â•
2022-03-17 12:17:15,279 INFO     ___FILE_ONLY___ â•
2022-03-17 12:17:15,388 INFO     ___FILE_ONLY___ â•
2022-03-17 12:17:15,490 INFO     ___FILE_ONLY___ â•
2022-03-17 12:17:15,583 INFO     ___FILE_ONLY___ â•
2022-03-17 12:17:15,676 INFO     ___FILE_ONLY___ â•
2022-03-17 12:17:15,772 INFO     ___FILE_ONLY___ â•
2022-03-17 12:17:15,847 INFO     ___FILE_ONLY___ â•
2022-03-17 12:17:15,916 INFO     ___FILE_ONLY___ â•
2022-03-17 12:17:16,001 INFO     ___FILE_ONLY___ â•
2022-03-17 12:17:16,072 INFO     ___FILE_ONLY___ â•
2022-03-17 12:17:16,143 INFO     ___FILE_ONLY___ â•
2022-03-17 12:17:16,218 INFO     ___FILE_ONLY___ â•
2022-03-17 12:17:16,293 INFO     ___FILE_ONLY___ â•
2022-03-17 12:17:16,366 INFO     ___FILE_ONLY___ â•
2022-03-17 12:17:16,436 INFO     ___FILE_ONLY___ â•
2022-03-17 12:17:16,513 INFO     ___FILE_ONLY___ â•
2022-03-17 12:17:16,579 INFO     ___FILE_ONLY___ â•
2022-03-17 12:17:16,642 INFO     ___FILE_ONLY___ â•
2022-03-17 12:17:16,707 INFO     ___FILE_ONLY___ â•
2022-03-17 12:17:16,775 INFO     ___FILE_ONLY___ â•
2022-03-17 12:17:16,841 INFO     ___FILE_ONLY___ â•
2022-03-17 12:17:16,916 INFO     ___FILE_ONLY___ â•
2022-03-17 12:17:17,007 INFO     ___FILE_ONLY___ â•
2022-03-17 12:17:17,097 INFO     ___FILE_ONLY___ â•
2022-03-17 12:17:17,161 INFO     ___FILE_ONLY___ â•
2022-03-17 12:17:17,227 INFO     ___FILE_ONLY___ â•
2022-03-17 12:17:17,325 INFO     ___FILE_ONLY___ â•
2022-03-17 12:17:17,391 INFO     ___FILE_ONLY___ â•
2022-03-17 12:17:17,459 INFO     ___FILE_ONLY___ â•
2022-03-17 12:17:17,535 INFO     ___FILE_ONLY___ â•
2022-03-17 12:17:17,623 INFO     ___FILE_ONLY___ â•
2022-03-17 12:17:17,702 INFO     ___FILE_ONLY___ â•
2022-03-17 12:17:17,780 INFO     ___FILE_ONLY___ â•
2022-03-17 12:17:17,845 INFO     ___FILE_ONLY___ â•
2022-03-17 12:17:17,908 INFO     ___FILE_ONLY___ â•
2022-03-17 12:17:17,981 INFO     ___FILE_ONLY___ â•
2022-03-17 12:17:18,042 INFO     ___FILE_ONLY___ â•
2022-03-17 12:17:18,042 INFO     ___FILE_ONLY___ â•
2022-03-17 12:17:18,600 INFO     ___FILE_ONLY___ â• â•â•â•â•â•â•â•â•â•â•â•â•â•â•â•â•â•â•â•â•â•â•â•â•â•â•â•â•â•â•â•â•â•â•â•â•â•â•â•â•â•â•â•â•â•â•â•â•â•â•â•â•â•â•â•â•â•â•â•â•â•£

2022-03-17 12:17:18,601 INFO     ___FILE_ONLY___ â• â• Uninstalling: gcloud Beta Commands                       â•â•£

2022-03-17 12:17:18,601 INFO     ___FILE_ONLY___ â•š
2022-03-17 12:17:18,602 INFO     ___FILE_ONLY___ â•â•â•â•â•â•â•â•â•â•â•â•â•â•â•â•â•â•â•â•â•â•â•â•â•â•â•â•â•â•â•â•â•â•â•â•â•â•â•â•â•â•â•â•â•â•â•â•â•â•â•â•â•â•â•â•â•â•â•â•
2022-03-17 12:17:18,602 INFO     ___FILE_ONLY___ â•
2022-03-17 12:17:18,604 INFO     ___FILE_ONLY___ â• â•â•â•â•â•â•â•â•â•â•â•â•â•â•â•â•â•â•â•â•â•â•â•â•â•â•â•â•â•â•â•â•â•â•â•â•â•â•â•â•â•â•â•â•â•â•â•â•â•â•â•â•â•â•â•â•â•â•â•â•â•£

2022-03-17 12:17:18,604 INFO     ___FILE_ONLY___ â• â• Uninstalling: gcloud cli dependencies                    â•â•£

2022-03-17 12:17:18,604 INFO     ___FILE_ONLY___ â•š
2022-03-17 12:17:18,643 INFO     ___FILE_ONLY___ â•
2022-03-17 12:17:18,685 INFO     ___FILE_ONLY___ â•
2022-03-17 12:17:18,729 INFO     ___FILE_ONLY___ â•
2022-03-17 12:17:18,768 INFO     ___FILE_ONLY___ â•
2022-03-17 12:17:18,806 INFO     ___FILE_ONLY___ â•
2022-03-17 12:17:18,844 INFO     ___FILE_ONLY___ â•
2022-03-17 12:17:18,885 INFO     ___FILE_ONLY___ â•
2022-03-17 12:17:18,927 INFO     ___FILE_ONLY___ â•
2022-03-17 12:17:18,966 INFO     ___FILE_ONLY___ â•
2022-03-17 12:17:19,005 INFO     ___FILE_ONLY___ â•
2022-03-17 12:17:19,043 INFO     ___FILE_ONLY___ â•
2022-03-17 12:17:19,088 INFO     ___FILE_ONLY___ â•
2022-03-17 12:17:19,143 INFO     ___FILE_ONLY___ â•
2022-03-17 12:17:19,192 INFO     ___FILE_ONLY___ â•
2022-03-17 12:17:19,235 INFO     ___FILE_ONLY___ â•
2022-03-17 12:17:19,268 INFO     ___FILE_ONLY___ â•
2022-03-17 12:17:19,310 INFO     ___FILE_ONLY___ â•
2022-03-17 12:17:19,360 INFO     ___FILE_ONLY___ â•
2022-03-17 12:17:19,405 INFO     ___FILE_ONLY___ â•
2022-03-17 12:17:19,452 INFO     ___FILE_ONLY___ â•
2022-03-17 12:17:19,494 INFO     ___FILE_ONLY___ â•
2022-03-17 12:17:19,539 INFO     ___FILE_ONLY___ â•
2022-03-17 12:17:19,580 INFO     ___FILE_ONLY___ â•
2022-03-17 12:17:19,614 INFO     ___FILE_ONLY___ â•
2022-03-17 12:17:19,653 INFO     ___FILE_ONLY___ â•
2022-03-17 12:17:19,693 INFO     ___FILE_ONLY___ â•
2022-03-17 12:17:19,779 INFO     ___FILE_ONLY___ â•
2022-03-17 12:17:19,816 INFO     ___FILE_ONLY___ â•
2022-03-17 12:17:19,850 INFO     ___FILE_ONLY___ â•
2022-03-17 12:17:19,891 INFO     ___FILE_ONLY___ â•
2022-03-17 12:17:19,923 INFO     ___FILE_ONLY___ â•
2022-03-17 12:17:19,952 INFO     ___FILE_ONLY___ â•
2022-03-17 12:17:19,982 INFO     ___FILE_ONLY___ â•
2022-03-17 12:17:20,010 INFO     ___FILE_ONLY___ â•
2022-03-17 12:17:20,039 INFO     ___FILE_ONLY___ â•
2022-03-17 12:17:20,069 INFO     ___FILE_ONLY___ â•
2022-03-17 12:17:20,099 INFO     ___FILE_ONLY___ â•
2022-03-17 12:17:20,130 INFO     ___FILE_ONLY___ â•
2022-03-17 12:17:20,162 INFO     ___FILE_ONLY___ â•
2022-03-17 12:17:20,199 INFO     ___FILE_ONLY___ â•
2022-03-17 12:17:20,242 INFO     ___FILE_ONLY___ â•
2022-03-17 12:17:20,278 INFO     ___FILE_ONLY___ â•
2022-03-17 12:17:20,317 INFO     ___FILE_ONLY___ â•
2022-03-17 12:17:20,355 INFO     ___FILE_ONLY___ â•
2022-03-17 12:17:20,397 INFO     ___FILE_ONLY___ â•
2022-03-17 12:17:20,437 INFO     ___FILE_ONLY___ â•
2022-03-17 12:17:20,478 INFO     ___FILE_ONLY___ â•
2022-03-17 12:17:20,516 INFO     ___FILE_ONLY___ â•
2022-03-17 12:17:20,553 INFO     ___FILE_ONLY___ â•
2022-03-17 12:17:20,593 INFO     ___FILE_ONLY___ â•
2022-03-17 12:17:20,631 INFO     ___FILE_ONLY___ â•
2022-03-17 12:17:20,670 INFO     ___FILE_ONLY___ â•
2022-03-17 12:17:20,710 INFO     ___FILE_ONLY___ â•
2022-03-17 12:17:20,749 INFO     ___FILE_ONLY___ â•
2022-03-17 12:17:20,787 INFO     ___FILE_ONLY___ â•
2022-03-17 12:17:20,828 INFO     ___FILE_ONLY___ â•
2022-03-17 12:17:20,865 INFO     ___FILE_ONLY___ â•
2022-03-17 12:17:20,904 INFO     ___FILE_ONLY___ â•
2022-03-17 12:17:20,940 INFO     ___FILE_ONLY___ â•
2022-03-17 12:17:20,978 INFO     ___FILE_ONLY___ â•
2022-03-17 12:17:20,978 INFO     ___FILE_ONLY___ â•
2022-03-17 12:17:21,168 INFO     ___FILE_ONLY___ â• â•â•â•â•â•â•â•â•â•â•â•â•â•â•â•â•â•â•â•â•â•â•â•â•â•â•â•â•â•â•â•â•â•â•â•â•â•â•â•â•â•â•â•â•â•â•â•â•â•â•â•â•â•â•â•â•â•â•â•â•â•£

2022-03-17 12:17:21,169 INFO     ___FILE_ONLY___ â• â• Installing: Cloud Storage Command Line Tool              â•â•£

2022-03-17 12:17:21,169 INFO     ___FILE_ONLY___ â•š
2022-03-17 12:17:21,179 DEBUG    urllib3.connectionpool Starting new HTTPS connection (1): dl.google.com:443
2022-03-17 12:17:21,337 DEBUG    urllib3.connectionpool https://dl.google.com:443 "GET /dl/cloudsdk/channels/rapid/components/google-cloud-sdk-gsutil-20220310160002.tar.gz HTTP/1.1" 200 20054581
2022-03-17 12:17:21,937 INFO     ___FILE_ONLY___ â•
2022-03-17 12:17:21,939 INFO     ___FILE_ONLY___ â•
2022-03-17 12:17:21,941 INFO     ___FILE_ONLY___ â•
2022-03-17 12:17:21,943 INFO     ___FILE_ONLY___ â•
2022-03-17 12:17:21,945 INFO     ___FILE_ONLY___ â•
2022-03-17 12:17:21,946 INFO     ___FILE_ONLY___ â•
2022-03-17 12:17:21,948 INFO     ___FILE_ONLY___ â•
2022-03-17 12:17:21,949 INFO     ___FILE_ONLY___ â•
2022-03-17 12:17:21,951 INFO     ___FILE_ONLY___ â•
2022-03-17 12:17:21,952 INFO     ___FILE_ONLY___ â•
2022-03-17 12:17:21,954 INFO     ___FILE_ONLY___ â•
2022-03-17 12:17:21,955 INFO     ___FILE_ONLY___ â•
2022-03-17 12:17:21,958 INFO     ___FILE_ONLY___ â•
2022-03-17 12:17:21,960 INFO     ___FILE_ONLY___ â•
2022-03-17 12:17:21,962 INFO     ___FILE_ONLY___ â•
2022-03-17 12:17:21,964 INFO     ___FILE_ONLY___ â•
2022-03-17 12:17:21,965 INFO     ___FILE_ONLY___ â•
2022-03-17 12:17:21,968 INFO     ___FILE_ONLY___ â•
2022-03-17 12:17:21,976 INFO     ___FILE_ONLY___ â•
2022-03-17 12:17:21,985 INFO     ___FILE_ONLY___ â•
2022-03-17 12:17:21,992 INFO     ___FILE_ONLY___ â•
2022-03-17 12:17:21,994 INFO     ___FILE_ONLY___ â•
2022-03-17 12:17:21,996 INFO     ___FILE_ONLY___ â•
2022-03-17 12:17:21,998 INFO     ___FILE_ONLY___ â•
2022-03-17 12:17:22,000 INFO     ___FILE_ONLY___ â•
2022-03-17 12:17:22,001 INFO     ___FILE_ONLY___ â•
2022-03-17 12:17:22,006 INFO     ___FILE_ONLY___ â•
2022-03-17 12:17:22,008 INFO     ___FILE_ONLY___ â•
2022-03-17 12:17:22,011 INFO     ___FILE_ONLY___ â•
2022-03-17 12:17:22,013 INFO     ___FILE_ONLY___ â•
2022-03-17 12:17:22,864 INFO     ___FILE_ONLY___ â•
2022-03-17 12:17:22,946 INFO     ___FILE_ONLY___ â•
2022-03-17 12:17:23,051 INFO     ___FILE_ONLY___ â•
2022-03-17 12:17:23,217 INFO     ___FILE_ONLY___ â•
2022-03-17 12:17:23,333 INFO     ___FILE_ONLY___ â•
2022-03-17 12:17:23,435 INFO     ___FILE_ONLY___ â•
2022-03-17 12:17:23,514 INFO     ___FILE_ONLY___ â•
2022-03-17 12:17:23,612 INFO     ___FILE_ONLY___ â•
2022-03-17 12:17:23,705 INFO     ___FILE_ONLY___ â•
2022-03-17 12:17:23,792 INFO     ___FILE_ONLY___ â•
2022-03-17 12:17:23,878 INFO     ___FILE_ONLY___ â•
2022-03-17 12:17:23,983 INFO     ___FILE_ONLY___ â•
2022-03-17 12:17:24,088 INFO     ___FILE_ONLY___ â•
2022-03-17 12:17:24,177 INFO     ___FILE_ONLY___ â•
2022-03-17 12:17:24,261 INFO     ___FILE_ONLY___ â•
2022-03-17 12:17:24,348 INFO     ___FILE_ONLY___ â•
2022-03-17 12:17:24,453 INFO     ___FILE_ONLY___ â•
2022-03-17 12:17:24,553 INFO     ___FILE_ONLY___ â•
2022-03-17 12:17:24,645 INFO     ___FILE_ONLY___ â•
2022-03-17 12:17:24,726 INFO     ___FILE_ONLY___ â•
2022-03-17 12:17:24,817 INFO     ___FILE_ONLY___ â•
2022-03-17 12:17:24,900 INFO     ___FILE_ONLY___ â•
2022-03-17 12:17:24,978 INFO     ___FILE_ONLY___ â•
2022-03-17 12:17:25,068 INFO     ___FILE_ONLY___ â•
2022-03-17 12:17:25,165 INFO     ___FILE_ONLY___ â•
2022-03-17 12:17:25,252 INFO     ___FILE_ONLY___ â•
2022-03-17 12:17:25,344 INFO     ___FILE_ONLY___ â•
2022-03-17 12:17:25,426 INFO     ___FILE_ONLY___ â•
2022-03-17 12:17:25,502 INFO     ___FILE_ONLY___ â•
2022-03-17 12:17:25,597 INFO     ___FILE_ONLY___ â•
2022-03-17 12:17:25,597 INFO     ___FILE_ONLY___ â•
2022-03-17 12:17:25,705 INFO     ___FILE_ONLY___ â• â•â•â•â•â•â•â•â•â•â•â•â•â•â•â•â•â•â•â•â•â•â•â•â•â•â•â•â•â•â•â•â•â•â•â•â•â•â•â•â•â•â•â•â•â•â•â•â•â•â•â•â•â•â•â•â•â•â•â•â•â•£

2022-03-17 12:17:25,706 INFO     ___FILE_ONLY___ â• â• Installing: Google Cloud CLI Core Libraries              â•â•£

2022-03-17 12:17:25,706 INFO     ___FILE_ONLY___ â•š
2022-03-17 12:17:25,710 DEBUG    urllib3.connectionpool Starting new HTTPS connection (1): dl.google.com:443
2022-03-17 12:17:25,858 DEBUG    urllib3.connectionpool https://dl.google.com:443 "GET /dl/cloudsdk/channels/rapid/components/google-cloud-sdk-core-20220310160002.tar.gz HTTP/1.1" 200 23568336
2022-03-17 12:17:26,583 INFO     ___FILE_ONLY___ â•
2022-03-17 12:17:26,584 INFO     ___FILE_ONLY___ â•
2022-03-17 12:17:26,585 INFO     ___FILE_ONLY___ â•
2022-03-17 12:17:26,586 INFO     ___FILE_ONLY___ â•
2022-03-17 12:17:26,588 INFO     ___FILE_ONLY___ â•
2022-03-17 12:17:26,589 INFO     ___FILE_ONLY___ â•
2022-03-17 12:17:26,590 INFO     ___FILE_ONLY___ â•
2022-03-17 12:17:26,592 INFO     ___FILE_ONLY___ â•
2022-03-17 12:17:26,593 INFO     ___FILE_ONLY___ â•
2022-03-17 12:17:26,594 INFO     ___FILE_ONLY___ â•
2022-03-17 12:17:26,596 INFO     ___FILE_ONLY___ â•
2022-03-17 12:17:26,597 INFO     ___FILE_ONLY___ â•
2022-03-17 12:17:26,598 INFO     ___FILE_ONLY___ â•
2022-03-17 12:17:26,599 INFO     ___FILE_ONLY___ â•
2022-03-17 12:17:26,600 INFO     ___FILE_ONLY___ â•
2022-03-17 12:17:26,602 INFO     ___FILE_ONLY___ â•
2022-03-17 12:17:26,603 INFO     ___FILE_ONLY___ â•
2022-03-17 12:17:26,604 INFO     ___FILE_ONLY___ â•
2022-03-17 12:17:26,606 INFO     ___FILE_ONLY___ â•
2022-03-17 12:17:26,607 INFO     ___FILE_ONLY___ â•
2022-03-17 12:17:26,608 INFO     ___FILE_ONLY___ â•
2022-03-17 12:17:26,611 INFO     ___FILE_ONLY___ â•
2022-03-17 12:17:26,613 INFO     ___FILE_ONLY___ â•
2022-03-17 12:17:26,615 INFO     ___FILE_ONLY___ â•
2022-03-17 12:17:26,619 INFO     ___FILE_ONLY___ â•
2022-03-17 12:17:26,621 INFO     ___FILE_ONLY___ â•
2022-03-17 12:17:26,625 INFO     ___FILE_ONLY___ â•
2022-03-17 12:17:26,626 INFO     ___FILE_ONLY___ â•
2022-03-17 12:17:26,628 INFO     ___FILE_ONLY___ â•
2022-03-17 12:17:26,629 INFO     ___FILE_ONLY___ â•
2022-03-17 12:17:28,156 INFO     ___FILE_ONLY___ â•
2022-03-17 12:17:28,269 INFO     ___FILE_ONLY___ â•
2022-03-17 12:17:28,372 INFO     ___FILE_ONLY___ â•
2022-03-17 12:17:28,480 INFO     ___FILE_ONLY___ â•
2022-03-17 12:17:28,587 INFO     ___FILE_ONLY___ â•
2022-03-17 12:17:28,697 INFO     ___FILE_ONLY___ â•
2022-03-17 12:17:28,797 INFO     ___FILE_ONLY___ â•
2022-03-17 12:17:28,914 INFO     ___FILE_ONLY___ â•
2022-03-17 12:17:29,006 INFO     ___FILE_ONLY___ â•
2022-03-17 12:17:29,103 INFO     ___FILE_ONLY___ â•
2022-03-17 12:17:29,196 INFO     ___FILE_ONLY___ â•
2022-03-17 12:17:29,297 INFO     ___FILE_ONLY___ â•
2022-03-17 12:17:29,519 INFO     ___FILE_ONLY___ â•
2022-03-17 12:17:30,023 INFO     ___FILE_ONLY___ â•
2022-03-17 12:17:30,207 INFO     ___FILE_ONLY___ â•
2022-03-17 12:17:30,405 INFO     ___FILE_ONLY___ â•
2022-03-17 12:17:30,602 INFO     ___FILE_ONLY___ â•
2022-03-17 12:17:30,750 INFO     ___FILE_ONLY___ â•
2022-03-17 12:17:30,853 INFO     ___FILE_ONLY___ â•
2022-03-17 12:17:30,952 INFO     ___FILE_ONLY___ â•
2022-03-17 12:17:31,057 INFO     ___FILE_ONLY___ â•
2022-03-17 12:17:31,157 INFO     ___FILE_ONLY___ â•
2022-03-17 12:17:31,258 INFO     ___FILE_ONLY___ â•
2022-03-17 12:17:31,380 INFO     ___FILE_ONLY___ â•
2022-03-17 12:17:31,546 INFO     ___FILE_ONLY___ â•
2022-03-17 12:17:31,732 INFO     ___FILE_ONLY___ â•
2022-03-17 12:17:32,017 INFO     ___FILE_ONLY___ â•
2022-03-17 12:17:32,203 INFO     ___FILE_ONLY___ â•
2022-03-17 12:17:32,379 INFO     ___FILE_ONLY___ â•
2022-03-17 12:17:32,528 INFO     ___FILE_ONLY___ â•
2022-03-17 12:17:32,528 INFO     ___FILE_ONLY___ â•
2022-03-17 12:17:32,642 INFO     ___FILE_ONLY___ â• â•â•â•â•â•â•â•â•â•â•â•â•â•â•â•â•â•â•â•â•â•â•â•â•â•â•â•â•â•â•â•â•â•â•â•â•â•â•â•â•â•â•â•â•â•â•â•â•â•â•â•â•â•â•â•â•â•â•â•â•â•£

2022-03-17 12:17:32,643 INFO     ___FILE_ONLY___ â• â• Installing: gcloud Beta Commands                         â•â•£

2022-03-17 12:17:32,643 INFO     ___FILE_ONLY___ â•š
2022-03-17 12:17:32,646 DEBUG    urllib3.connectionpool Starting new HTTPS connection (1): dl.google.com:443
2022-03-17 12:17:32,790 DEBUG    urllib3.connectionpool https://dl.google.com:443 "GET /dl/cloudsdk/channels/rapid/components/google-cloud-sdk-beta-20220310160002.tar.gz HTTP/1.1" 200 746
2022-03-17 12:17:32,792 INFO     ___FILE_ONLY___ â•â•â•â•â•â•â•â•â•â•â•â•â•â•â•â•â•â•â•â•â•â•â•â•â•â•â•â•â•â•
2022-03-17 12:17:32,793 INFO     ___FILE_ONLY___ â•â•â•â•â•â•â•â•â•â•â•â•â•â•â•â•â•â•â•â•â•â•â•â•â•â•â•â•â•â•
2022-03-17 12:17:32,794 INFO     ___FILE_ONLY___ â•
2022-03-17 12:17:32,802 INFO     ___FILE_ONLY___ â• â•â•â•â•â•â•â•â•â•â•â•â•â•â•â•â•â•â•â•â•â•â•â•â•â•â•â•â•â•â•â•â•â•â•â•â•â•â•â•â•â•â•â•â•â•â•â•â•â•â•â•â•â•â•â•â•â•â•â•â•â•£

2022-03-17 12:17:32,803 INFO     ___FILE_ONLY___ â• â• Installing: gcloud cli dependencies                      â•â•£

2022-03-17 12:17:32,803 INFO     ___FILE_ONLY___ â•š
2022-03-17 12:17:32,807 DEBUG    urllib3.connectionpool Starting new HTTPS connection (1): dl.google.com:443
2022-03-17 12:17:32,954 DEBUG    urllib3.connectionpool https://dl.google.com:443 "GET /dl/cloudsdk/channels/rapid/components/google-cloud-sdk-gcloud-deps-20220310160002.tar.gz HTTP/1.1" 200 12604088
2022-03-17 12:17:33,376 INFO     ___FILE_ONLY___ â•
2022-03-17 12:17:33,379 INFO     ___FILE_ONLY___ â•
2022-03-17 12:17:33,383 INFO     ___FILE_ONLY___ â•
2022-03-17 12:17:33,386 INFO     ___FILE_ONLY___ â•
2022-03-17 12:17:33,391 INFO     ___FILE_ONLY___ â•
2022-03-17 12:17:33,393 INFO     ___FILE_ONLY___ â•
2022-03-17 12:17:33,394 INFO     ___FILE_ONLY___ â•
2022-03-17 12:17:33,394 INFO     ___FILE_ONLY___ â•
2022-03-17 12:17:33,395 INFO     ___FILE_ONLY___ â•
2022-03-17 12:17:33,396 INFO     ___FILE_ONLY___ â•
2022-03-17 12:17:33,396 INFO     ___FILE_ONLY___ â•
2022-03-17 12:17:33,397 INFO     ___FILE_ONLY___ â•
2022-03-17 12:17:33,397 INFO     ___FILE_ONLY___ â•
2022-03-17 12:17:33,398 INFO     ___FILE_ONLY___ â•
2022-03-17 12:17:33,403 INFO     ___FILE_ONLY___ â•
2022-03-17 12:17:33,408 INFO     ___FILE_ONLY___ â•
2022-03-17 12:17:33,415 INFO     ___FILE_ONLY___ â•
2022-03-17 12:17:33,417 INFO     ___FILE_ONLY___ â•
2022-03-17 12:17:33,421 INFO     ___FILE_ONLY___ â•
2022-03-17 12:17:33,423 INFO     ___FILE_ONLY___ â•
2022-03-17 12:17:33,425 INFO     ___FILE_ONLY___ â•
2022-03-17 12:17:33,432 INFO     ___FILE_ONLY___ â•
2022-03-17 12:17:33,445 INFO     ___FILE_ONLY___ â•
2022-03-17 12:17:33,449 INFO     ___FILE_ONLY___ â•
2022-03-17 12:17:33,450 INFO     ___FILE_ONLY___ â•
2022-03-17 12:17:33,451 INFO     ___FILE_ONLY___ â•
2022-03-17 12:17:33,452 INFO     ___FILE_ONLY___ â•
2022-03-17 12:17:33,453 INFO     ___FILE_ONLY___ â•
2022-03-17 12:17:33,454 INFO     ___FILE_ONLY___ â•
2022-03-17 12:17:33,454 INFO     ___FILE_ONLY___ â•
2022-03-17 12:17:34,108 INFO     ___FILE_ONLY___ â•
2022-03-17 12:17:34,189 INFO     ___FILE_ONLY___ â•
2022-03-17 12:17:34,292 INFO     ___FILE_ONLY___ â•
2022-03-17 12:17:34,374 INFO     ___FILE_ONLY___ â•
2022-03-17 12:17:34,459 INFO     ___FILE_ONLY___ â•
2022-03-17 12:17:34,541 INFO     ___FILE_ONLY___ â•
2022-03-17 12:17:34,604 INFO     ___FILE_ONLY___ â•
2022-03-17 12:17:34,654 INFO     ___FILE_ONLY___ â•
2022-03-17 12:17:34,704 INFO     ___FILE_ONLY___ â•
2022-03-17 12:17:34,756 INFO     ___FILE_ONLY___ â•
2022-03-17 12:17:34,833 INFO     ___FILE_ONLY___ â•
2022-03-17 12:17:34,913 INFO     ___FILE_ONLY___ â•
2022-03-17 12:17:34,965 INFO     ___FILE_ONLY___ â•
2022-03-17 12:17:35,010 INFO     ___FILE_ONLY___ â•
2022-03-17 12:17:35,059 INFO     ___FILE_ONLY___ â•
2022-03-17 12:17:35,115 INFO     ___FILE_ONLY___ â•
2022-03-17 12:17:35,171 INFO     ___FILE_ONLY___ â•
2022-03-17 12:17:35,221 INFO     ___FILE_ONLY___ â•
2022-03-17 12:17:35,285 INFO     ___FILE_ONLY___ â•
2022-03-17 12:17:35,342 INFO     ___FILE_ONLY___ â•
2022-03-17 12:17:35,394 INFO     ___FILE_ONLY___ â•
2022-03-17 12:17:35,449 INFO     ___FILE_ONLY___ â•
2022-03-17 12:17:35,489 INFO     ___FILE_ONLY___ â•
2022-03-17 12:17:35,552 INFO     ___FILE_ONLY___ â•
2022-03-17 12:17:35,598 INFO     ___FILE_ONLY___ â•
2022-03-17 12:17:35,643 INFO     ___FILE_ONLY___ â•
2022-03-17 12:17:35,700 INFO     ___FILE_ONLY___ â•
2022-03-17 12:17:35,760 INFO     ___FILE_ONLY___ â•
2022-03-17 12:17:35,812 INFO     ___FILE_ONLY___ â•
2022-03-17 12:17:35,869 INFO     ___FILE_ONLY___ â•
2022-03-17 12:17:35,869 INFO     ___FILE_ONLY___ â•
2022-03-17 12:17:35,921 INFO     ___FILE_ONLY___ â• â•â•â•â•â•â•â•â•â•â•â•â•â•â•â•â•â•â•â•â•â•â•â•â•â•â•â•â•â•â•â•â•â•â•â•â•â•â•â•â•â•â•â•â•â•â•â•â•â•â•â•â•â•â•â•â•â•â•â•â•â•£

2022-03-17 12:17:35,921 INFO     ___FILE_ONLY___ â• â• Creating backup and activating new installation          â•â•£

2022-03-17 12:17:35,921 INFO     ___FILE_ONLY___ â•š
2022-03-17 12:17:35,923 DEBUG    root            Attempting to move directory [/Users/jgipson/google-cloud-sdk] to [/Users/jgipson/google-cloud-sdk.staging/.install/.backup]
2022-03-17 12:17:35,923 INFO     ___FILE_ONLY___ â•â•â•â•â•â•â•â•â•â•â•â•â•â•â•â•â•â•â•â•â•â•â•â•â•â•â•â•â•â•
2022-03-17 12:17:35,923 DEBUG    root            Attempting to move directory [/Users/jgipson/google-cloud-sdk.staging] to [/Users/jgipson/google-cloud-sdk]
2022-03-17 12:17:35,924 INFO     ___FILE_ONLY___ â•â•â•â•â•â•â•â•â•â•â•â•â•â•â•â•â•â•â•â•â•â•â•â•â•â•â•â•â•â•
2022-03-17 12:17:35,924 INFO     ___FILE_ONLY___ â•

2022-03-17 12:17:35,931 DEBUG    root            Updating notification cache...
2022-03-17 12:17:35,933 INFO     ___FILE_ONLY___ 

2022-03-17 12:17:35,933 INFO     ___FILE_ONLY___ Performing post processing steps...
2022-03-17 12:17:35,934 DEBUG    root            Executing command: ['/usr/bin/python3', '-S', '/Users/jgipson/google-cloud-sdk/lib/gcloud.py', 'components', 'post-process']
2022-03-17 12:17:35,982 DEBUG    urllib3.connectionpool Starting new HTTP connection (1): www.gstatic.com:80
2022-03-17 12:17:36,133 DEBUG    urllib3.connectionpool http://www.gstatic.com:80 "GET /cloudsdk/feature_flag_config_file.yaml HTTP/1.1" 200 101
2022-03-17 12:18:07,051 DEBUG    ___FILE_ONLY___ 
2022-03-17 12:18:07,053 DEBUG    ___FILE_ONLY___ 
2022-03-17 12:18:07,245 INFO     ___FILE_ONLY___ 
Update done!


2022-03-17 12:18:07,246 INFO     ___FILE_ONLY___ To revert your CLI to the previously installed version, you may run:
  $ gcloud components update --version 376.0.0


2022-03-17 12:18:07,275 INFO     root            Display format: "none"
2022-03-17 12:18:07,298 DEBUG    root            Metrics reporting process started...
